<?xml version="1.0" encoding="UTF-8"?>
<coverage generated="1559076593507" clover="3.2.0">
  <project timestamp="1559076593508" name="All files">
    <metrics statements="75" coveredstatements="64" conditionals="22" coveredconditionals="14" methods="29" coveredmethods="20" elements="126" coveredelements="98" complexity="0" loc="75" ncloc="75" packages="1" files="7" classes="7"/>
    <file name="App.jsx" path="/Users/vickie/Documents/Github/FEC/ratings_history_module/ratings/client/src/components/App.jsx">
      <metrics statements="3" coveredstatements="2" conditionals="0" coveredconditionals="0" methods="1" coveredmethods="0"/>
      <line num="5" count="1" type="stmt"/>
      <line num="6" count="0" type="stmt"/>
      <line num="11" count="1" type="stmt"/>
    </file>
    <file name="DataBarChart.jsx" path="/Users/vickie/Documents/Github/FEC/ratings_history_module/ratings/client/src/components/DataBarChart.jsx">
      <metrics statements="3" coveredstatements="3" conditionals="0" coveredconditionals="0" methods="1" coveredmethods="1"/>
      <line num="6" count="1" type="stmt"/>
      <line num="7" count="1" type="stmt"/>
      <line num="14" count="1" type="stmt"/>
    </file>
    <file name="DataSpotlight.jsx" path="/Users/vickie/Documents/Github/FEC/ratings_history_module/ratings/client/src/components/DataSpotlight.jsx">
      <metrics statements="7" coveredstatements="7" conditionals="0" coveredconditionals="0" methods="1" coveredmethods="1"/>
      <line num="6" count="1" type="stmt"/>
      <line num="7" count="1" type="stmt"/>
      <line num="20" count="1" type="stmt"/>
      <line num="31" count="1" type="stmt"/>
      <line num="43" count="1" type="stmt"/>
      <line num="59" count="1" type="stmt"/>
      <line num="68" count="1" type="stmt"/>
    </file>
    <file name="PercentProgress.jsx" path="/Users/vickie/Documents/Github/FEC/ratings_history_module/ratings/client/src/components/PercentProgress.jsx">
      <metrics statements="16" coveredstatements="16" conditionals="8" coveredconditionals="8" methods="8" coveredmethods="8"/>
      <line num="5" count="1" type="stmt"/>
      <line num="6" count="3" type="stmt"/>
      <line num="23" count="1" type="stmt"/>
      <line num="32" count="1" type="stmt"/>
      <line num="35" count="3" type="cond" truecount="2" falsecount="0"/>
      <line num="41" count="1" type="stmt"/>
      <line num="44" count="3" type="cond" truecount="2" falsecount="0"/>
      <line num="53" count="1" type="stmt"/>
      <line num="54" count="3" type="cond" truecount="2" falsecount="0"/>
      <line num="59" count="3" type="stmt"/>
      <line num="60" count="3" type="stmt"/>
      <line num="64" count="1" type="stmt"/>
      <line num="66" count="3" type="stmt"/>
      <line num="69" count="3" type="cond" truecount="2" falsecount="0"/>
      <line num="77" count="1" type="stmt"/>
      <line num="82" count="1" type="stmt"/>
    </file>
    <file name="RatingsApp.jsx" path="/Users/vickie/Documents/Github/FEC/ratings_history_module/ratings/client/src/components/RatingsApp.jsx">
      <metrics statements="17" coveredstatements="12" conditionals="2" coveredconditionals="1" methods="8" coveredmethods="4"/>
      <line num="10" count="2" type="stmt"/>
      <line num="11" count="2" type="stmt"/>
      <line num="24" count="2" type="stmt"/>
      <line num="28" count="1" type="stmt"/>
      <line num="32" count="1" type="stmt"/>
      <line num="33" count="1" type="cond" truecount="1" falsecount="1"/>
      <line num="34" count="1" type="stmt"/>
      <line num="35" count="0" type="stmt"/>
      <line num="37" count="0" type="stmt"/>
      <line num="42" count="0" type="stmt"/>
      <line num="43" count="0" type="stmt"/>
      <line num="45" count="0" type="stmt"/>
      <line num="53" count="2" type="stmt"/>
      <line num="70" count="1" type="stmt"/>
      <line num="77" count="1" type="stmt"/>
      <line num="82" count="1" type="stmt"/>
      <line num="88" count="1" type="stmt"/>
    </file>
    <file name="Review.jsx" path="/Users/vickie/Documents/Github/FEC/ratings_history_module/ratings/client/src/components/Review.jsx">
      <metrics statements="25" coveredstatements="20" conditionals="12" coveredconditionals="5" methods="9" coveredmethods="5"/>
      <line num="8" count="2" type="stmt"/>
      <line num="9" count="2" type="stmt"/>
      <line num="12" count="2" type="stmt"/>
      <line num="13" count="2" type="stmt"/>
      <line num="14" count="2" type="stmt"/>
      <line num="18" count="0" type="stmt"/>
      <line num="19" count="0" type="stmt"/>
      <line num="25" count="2" type="cond" truecount="1" falsecount="1"/>
      <line num="26" count="0" type="stmt"/>
      <line num="50" count="0" type="cond" truecount="0" falsecount="2"/>
      <line num="58" count="2" type="stmt"/>
      <line num="74" count="0" type="cond" truecount="1" falsecount="1"/>
      <line num="84" count="1" type="stmt"/>
      <line num="87" count="1" type="stmt"/>
      <line num="91" count="1" type="stmt"/>
      <line num="101" count="1" type="stmt"/>
      <line num="108" count="1" type="stmt"/>
      <line num="112" count="1" type="stmt"/>
      <line num="122" count="2" type="cond" truecount="1" falsecount="1"/>
      <line num="143" count="1" type="stmt"/>
      <line num="145" count="2" type="cond" truecount="1" falsecount="1"/>
      <line num="149" count="2" type="cond" truecount="1" falsecount="1"/>
      <line num="156" count="1" type="stmt"/>
      <line num="171" count="1" type="stmt"/>
      <line num="178" count="1" type="stmt"/>
    </file>
    <file name="ReviewList.jsx" path="/Users/vickie/Documents/Github/FEC/ratings_history_module/ratings/client/src/components/ReviewList.jsx">
      <metrics statements="4" coveredstatements="4" conditionals="0" coveredconditionals="0" methods="1" coveredmethods="1"/>
      <line num="6" count="1" type="stmt"/>
      <line num="7" count="1" type="stmt"/>
      <line num="13" count="1" type="stmt"/>
      <line num="21" count="1" type="stmt"/>
    </file>
  </project>
</coverage>
