{"/Users/vickie/Documents/Github/FEC/ratings_history_module/ratings/client/src/components/App.jsx": {"path":"/Users/vickie/Documents/Github/FEC/ratings_history_module/ratings/client/src/components/App.jsx","statementMap":{"0":{"start":{"line":5,"column":19},"end":{"line":9,"column":1}},"1":{"start":{"line":6,"column":2},"end":{"line":8,"column":12}},"2":{"start":{"line":11,"column":16},"end":{"line":40,"column":1}}},"fnMap":{"0":{"name":"(anonymous_0)","decl":{"start":{"line":5,"column":19},"end":{"line":5,"column":20}},"loc":{"start":{"line":6,"column":2},"end":{"line":8,"column":12}},"line":6}},"branchMap":{},"s":{"0":1,"1":0,"2":1},"f":{"0":0},"b":{},"_coverageSchema":"43e27e138ebf9cfc5966b082cf9a028302ed4184","hash":"6052501b7f8da532ca9f0ed671b795a872bd0d5a"}
,"/Users/vickie/Documents/Github/FEC/ratings_history_module/ratings/client/src/components/DataBarChart.jsx": {"path":"/Users/vickie/Documents/Github/FEC/ratings_history_module/ratings/client/src/components/DataBarChart.jsx","statementMap":{"0":{"start":{"line":6,"column":21},"end":{"line":12,"column":1}},"1":{"start":{"line":7,"column":2},"end":{"line":11,"column":12}},"2":{"start":{"line":14,"column":16},"end":{"line":20,"column":1}}},"fnMap":{"0":{"name":"(anonymous_0)","decl":{"start":{"line":6,"column":21},"end":{"line":6,"column":22}},"loc":{"start":{"line":7,"column":2},"end":{"line":11,"column":12}},"line":7}},"branchMap":{},"s":{"0":1,"1":1,"2":1},"f":{"0":1},"b":{},"_coverageSchema":"43e27e138ebf9cfc5966b082cf9a028302ed4184","hash":"baef1cb3f0188b840c7f5540694135c30c33a0b7"}
,"/Users/vickie/Documents/Github/FEC/ratings_history_module/ratings/client/src/components/DataSpotlight.jsx": {"path":"/Users/vickie/Documents/Github/FEC/ratings_history_module/ratings/client/src/components/DataSpotlight.jsx","statementMap":{"0":{"start":{"line":6,"column":22},"end":{"line":18,"column":1}},"1":{"start":{"line":7,"column":2},"end":{"line":17,"column":11}},"2":{"start":{"line":20,"column":15},"end":{"line":29,"column":1}},"3":{"start":{"line":31,"column":19},"end":{"line":41,"column":1}},"4":{"start":{"line":43,"column":19},"end":{"line":57,"column":1}},"5":{"start":{"line":59,"column":19},"end":{"line":66,"column":1}},"6":{"start":{"line":68,"column":0},"end":{"line":70,"column":2}}},"fnMap":{"0":{"name":"(anonymous_0)","decl":{"start":{"line":6,"column":22},"end":{"line":6,"column":23}},"loc":{"start":{"line":7,"column":2},"end":{"line":17,"column":11}},"line":7}},"branchMap":{},"s":{"0":1,"1":1,"2":1,"3":1,"4":1,"5":1,"6":1},"f":{"0":1},"b":{},"_coverageSchema":"43e27e138ebf9cfc5966b082cf9a028302ed4184","hash":"b18a045b58f05f2ae679c66a0d0fe3d4d9dc4e61"}
,"/Users/vickie/Documents/Github/FEC/ratings_history_module/ratings/client/src/components/PercentProgress.jsx": {"path":"/Users/vickie/Documents/Github/FEC/ratings_history_module/ratings/client/src/components/PercentProgress.jsx","statementMap":{"0":{"start":{"line":5,"column":24},"end":{"line":21,"column":1}},"1":{"start":{"line":6,"column":2},"end":{"line":20,"column":12}},"2":{"start":{"line":23,"column":16},"end":{"line":30,"column":1}},"3":{"start":{"line":32,"column":16},"end":{"line":39,"column":1}},"4":{"start":{"line":35,"column":21},"end":{"line":37,"column":15}},"5":{"start":{"line":41,"column":20},"end":{"line":51,"column":1}},"6":{"start":{"line":44,"column":21},"end":{"line":46,"column":15}},"7":{"start":{"line":53,"column":15},"end":{"line":62,"column":1}},"8":{"start":{"line":54,"column":26},"end":{"line":56,"column":15}},"9":{"start":{"line":59,"column":20},"end":{"line":59,"column":54}},"10":{"start":{"line":60,"column":26},"end":{"line":60,"column":56}},"11":{"start":{"line":64,"column":18},"end":{"line":75,"column":1}},"12":{"start":{"line":66,"column":23},"end":{"line":66,"column":67}},"13":{"start":{"line":69,"column":28},"end":{"line":71,"column":81}},"14":{"start":{"line":77,"column":16},"end":{"line":80,"column":1}},"15":{"start":{"line":82,"column":0},"end":{"line":88,"column":2}}},"fnMap":{"0":{"name":"(anonymous_0)","decl":{"start":{"line":5,"column":24},"end":{"line":5,"column":25}},"loc":{"start":{"line":6,"column":2},"end":{"line":20,"column":12}},"line":6},"1":{"name":"(anonymous_1)","decl":{"start":{"line":35,"column":11},"end":{"line":35,"column":12}},"loc":{"start":{"line":35,"column":21},"end":{"line":37,"column":15}},"line":35},"2":{"name":"(anonymous_2)","decl":{"start":{"line":44,"column":11},"end":{"line":44,"column":12}},"loc":{"start":{"line":44,"column":21},"end":{"line":46,"column":15}},"line":44},"3":{"name":"(anonymous_3)","decl":{"start":{"line":54,"column":16},"end":{"line":54,"column":17}},"loc":{"start":{"line":54,"column":26},"end":{"line":56,"column":15}},"line":54},"4":{"name":"(anonymous_4)","decl":{"start":{"line":59,"column":11},"end":{"line":59,"column":12}},"loc":{"start":{"line":59,"column":20},"end":{"line":59,"column":54}},"line":59},"5":{"name":"(anonymous_5)","decl":{"start":{"line":60,"column":17},"end":{"line":60,"column":18}},"loc":{"start":{"line":60,"column":26},"end":{"line":60,"column":56}},"line":60},"6":{"name":"(anonymous_6)","decl":{"start":{"line":66,"column":13},"end":{"line":66,"column":14}},"loc":{"start":{"line":66,"column":23},"end":{"line":66,"column":67}},"line":66},"7":{"name":"(anonymous_7)","decl":{"start":{"line":69,"column":18},"end":{"line":69,"column":19}},"loc":{"start":{"line":69,"column":28},"end":{"line":71,"column":81}},"line":69}},"branchMap":{"0":{"loc":{"start":{"line":35,"column":21},"end":{"line":37,"column":15}},"type":"cond-expr","locations":[{"start":{"line":36,"column":6},"end":{"line":36,"column":15}},{"start":{"line":37,"column":6},"end":{"line":37,"column":15}}],"line":35},"1":{"loc":{"start":{"line":44,"column":21},"end":{"line":46,"column":15}},"type":"cond-expr","locations":[{"start":{"line":45,"column":6},"end":{"line":45,"column":31}},{"start":{"line":46,"column":6},"end":{"line":46,"column":15}}],"line":44},"2":{"loc":{"start":{"line":54,"column":26},"end":{"line":56,"column":15}},"type":"cond-expr","locations":[{"start":{"line":55,"column":6},"end":{"line":55,"column":15}},{"start":{"line":56,"column":6},"end":{"line":56,"column":15}}],"line":54},"3":{"loc":{"start":{"line":69,"column":28},"end":{"line":71,"column":81}},"type":"cond-expr","locations":[{"start":{"line":70,"column":6},"end":{"line":70,"column":85}},{"start":{"line":71,"column":6},"end":{"line":71,"column":81}}],"line":69}},"s":{"0":1,"1":3,"2":1,"3":1,"4":3,"5":1,"6":3,"7":1,"8":3,"9":3,"10":3,"11":1,"12":3,"13":3,"14":1,"15":1},"f":{"0":3,"1":3,"2":3,"3":3,"4":3,"5":3,"6":3,"7":3},"b":{"0":[1,2],"1":[1,2],"2":[1,2],"3":[1,2]},"_coverageSchema":"43e27e138ebf9cfc5966b082cf9a028302ed4184","hash":"2721cff683acf4452bfdc0e690c471febf9d4664"}
,"/Users/vickie/Documents/Github/FEC/ratings_history_module/ratings/client/src/components/RatingsApp.jsx": {"path":"/Users/vickie/Documents/Github/FEC/ratings_history_module/ratings/client/src/components/RatingsApp.jsx","statementMap":{"0":{"start":{"line":10,"column":4},"end":{"line":10,"column":12}},"1":{"start":{"line":11,"column":4},"end":{"line":22,"column":6}},"2":{"start":{"line":24,"column":4},"end":{"line":24,"column":53}},"3":{"start":{"line":28,"column":4},"end":{"line":28,"column":24}},"4":{"start":{"line":32,"column":20},"end":{"line":32,"column":58}},"5":{"start":{"line":33,"column":4},"end":{"line":49,"column":5}},"6":{"start":{"line":34,"column":6},"end":{"line":40,"column":9}},"7":{"start":{"line":35,"column":19},"end":{"line":35,"column":27}},"8":{"start":{"line":37,"column":8},"end":{"line":39,"column":11}},"9":{"start":{"line":42,"column":6},"end":{"line":48,"column":11}},"10":{"start":{"line":43,"column":21},"end":{"line":43,"column":29}},"11":{"start":{"line":45,"column":10},"end":{"line":47,"column":13}},"12":{"start":{"line":53,"column":4},"end":{"line":66,"column":6}},"13":{"start":{"line":70,"column":12},"end":{"line":75,"column":1}},"14":{"start":{"line":77,"column":13},"end":{"line":80,"column":1}},"15":{"start":{"line":82,"column":14},"end":{"line":86,"column":1}},"16":{"start":{"line":88,"column":21},"end":{"line":99,"column":1}}},"fnMap":{"0":{"name":"(anonymous_0)","decl":{"start":{"line":9,"column":2},"end":{"line":9,"column":3}},"loc":{"start":{"line":9,"column":16},"end":{"line":25,"column":3}},"line":9},"1":{"name":"(anonymous_1)","decl":{"start":{"line":27,"column":2},"end":{"line":27,"column":3}},"loc":{"start":{"line":27,"column":22},"end":{"line":29,"column":3}},"line":27},"2":{"name":"(anonymous_2)","decl":{"start":{"line":31,"column":2},"end":{"line":31,"column":3}},"loc":{"start":{"line":31,"column":17},"end":{"line":50,"column":3}},"line":31},"3":{"name":"(anonymous_3)","decl":{"start":{"line":35,"column":12},"end":{"line":35,"column":13}},"loc":{"start":{"line":35,"column":19},"end":{"line":35,"column":27}},"line":35},"4":{"name":"(anonymous_4)","decl":{"start":{"line":36,"column":12},"end":{"line":36,"column":13}},"loc":{"start":{"line":36,"column":24},"end":{"line":40,"column":7}},"line":36},"5":{"name":"(anonymous_5)","decl":{"start":{"line":43,"column":14},"end":{"line":43,"column":15}},"loc":{"start":{"line":43,"column":21},"end":{"line":43,"column":29}},"line":43},"6":{"name":"(anonymous_6)","decl":{"start":{"line":44,"column":14},"end":{"line":44,"column":15}},"loc":{"start":{"line":44,"column":26},"end":{"line":48,"column":9}},"line":44},"7":{"name":"(anonymous_7)","decl":{"start":{"line":52,"column":2},"end":{"line":52,"column":3}},"loc":{"start":{"line":52,"column":11},"end":{"line":67,"column":3}},"line":52}},"branchMap":{"0":{"loc":{"start":{"line":33,"column":4},"end":{"line":49,"column":5}},"type":"if","locations":[{"start":{"line":33,"column":4},"end":{"line":49,"column":5}},{"start":{"line":33,"column":4},"end":{"line":49,"column":5}}],"line":33}},"s":{"0":2,"1":2,"2":2,"3":1,"4":1,"5":1,"6":1,"7":0,"8":0,"9":0,"10":0,"11":0,"12":2,"13":1,"14":1,"15":1,"16":1},"f":{"0":2,"1":1,"2":1,"3":0,"4":0,"5":0,"6":0,"7":2},"b":{"0":[1,0]},"_coverageSchema":"43e27e138ebf9cfc5966b082cf9a028302ed4184","hash":"6060e51f7314fe006cba02ed60e4512613b7b1df"}
,"/Users/vickie/Documents/Github/FEC/ratings_history_module/ratings/client/src/components/Review.jsx": {"path":"/Users/vickie/Documents/Github/FEC/ratings_history_module/ratings/client/src/components/Review.jsx","statementMap":{"0":{"start":{"line":8,"column":4},"end":{"line":8,"column":17}},"1":{"start":{"line":9,"column":4},"end":{"line":11,"column":6}},"2":{"start":{"line":12,"column":4},"end":{"line":12,"column":36}},"3":{"start":{"line":13,"column":4},"end":{"line":13,"column":44}},"4":{"start":{"line":14,"column":4},"end":{"line":14,"column":57}},"5":{"start":{"line":18,"column":4},"end":{"line":18,"column":23}},"6":{"start":{"line":19,"column":4},"end":{"line":21,"column":8}},"7":{"start":{"line":19,"column":32},"end":{"line":21,"column":5}},"8":{"start":{"line":25,"column":4},"end":{"line":57,"column":5}},"9":{"start":{"line":26,"column":6},"end":{"line":56,"column":8}},"10":{"start":{"line":50,"column":50},"end":{"line":50,"column":72}},"11":{"start":{"line":58,"column":4},"end":{"line":80,"column":6}},"12":{"start":{"line":74,"column":48},"end":{"line":74,"column":70}},"13":{"start":{"line":84,"column":23},"end":{"line":86,"column":1}},"14":{"start":{"line":87,"column":18},"end":{"line":89,"column":1}},"15":{"start":{"line":91,"column":22},"end":{"line":99,"column":1}},"16":{"start":{"line":101,"column":16},"end":{"line":106,"column":1}},"17":{"start":{"line":108,"column":17},"end":{"line":110,"column":1}},"18":{"start":{"line":112,"column":18},"end":{"line":141,"column":1}},"19":{"start":{"line":122,"column":24},"end":{"line":122,"column":66}},"20":{"start":{"line":143,"column":17},"end":{"line":154,"column":1}},"21":{"start":{"line":145,"column":21},"end":{"line":147,"column":15}},"22":{"start":{"line":149,"column":23},"end":{"line":151,"column":15}},"23":{"start":{"line":156,"column":22},"end":{"line":169,"column":1}},"24":{"start":{"line":171,"column":23},"end":{"line":176,"column":1}},"25":{"start":{"line":178,"column":0},"end":{"line":180,"column":2}}},"fnMap":{"0":{"name":"(anonymous_0)","decl":{"start":{"line":7,"column":2},"end":{"line":7,"column":3}},"loc":{"start":{"line":7,"column":21},"end":{"line":15,"column":3}},"line":7},"1":{"name":"(anonymous_1)","decl":{"start":{"line":17,"column":2},"end":{"line":17,"column":3}},"loc":{"start":{"line":17,"column":20},"end":{"line":22,"column":3}},"line":17},"2":{"name":"(anonymous_2)","decl":{"start":{"line":19,"column":18},"end":{"line":19,"column":19}},"loc":{"start":{"line":19,"column":32},"end":{"line":21,"column":5}},"line":19},"3":{"name":"(anonymous_3)","decl":{"start":{"line":24,"column":2},"end":{"line":24,"column":3}},"loc":{"start":{"line":24,"column":11},"end":{"line":81,"column":3}},"line":24},"4":{"name":"(anonymous_4)","decl":{"start":{"line":50,"column":45},"end":{"line":50,"column":46}},"loc":{"start":{"line":50,"column":50},"end":{"line":50,"column":72}},"line":50},"5":{"name":"(anonymous_5)","decl":{"start":{"line":74,"column":43},"end":{"line":74,"column":44}},"loc":{"start":{"line":74,"column":48},"end":{"line":74,"column":70}},"line":74},"6":{"name":"(anonymous_6)","decl":{"start":{"line":122,"column":14},"end":{"line":122,"column":15}},"loc":{"start":{"line":122,"column":24},"end":{"line":122,"column":66}},"line":122},"7":{"name":"(anonymous_7)","decl":{"start":{"line":145,"column":11},"end":{"line":145,"column":12}},"loc":{"start":{"line":145,"column":21},"end":{"line":147,"column":15}},"line":145},"8":{"name":"(anonymous_8)","decl":{"start":{"line":149,"column":13},"end":{"line":149,"column":14}},"loc":{"start":{"line":149,"column":23},"end":{"line":151,"column":15}},"line":149}},"branchMap":{"0":{"loc":{"start":{"line":25,"column":4},"end":{"line":57,"column":5}},"type":"if","locations":[{"start":{"line":25,"column":4},"end":{"line":57,"column":5}},{"start":{"line":25,"column":4},"end":{"line":57,"column":5}}],"line":25},"1":{"loc":{"start":{"line":50,"column":75},"end":{"line":50,"column":131}},"type":"cond-expr","locations":[{"start":{"line":50,"column":106},"end":{"line":50,"column":117}},{"start":{"line":50,"column":120},"end":{"line":50,"column":131}}],"line":50},"2":{"loc":{"start":{"line":74,"column":73},"end":{"line":74,"column":129}},"type":"cond-expr","locations":[{"start":{"line":74,"column":104},"end":{"line":74,"column":115}},{"start":{"line":74,"column":118},"end":{"line":74,"column":129}}],"line":74},"3":{"loc":{"start":{"line":122,"column":24},"end":{"line":122,"column":66}},"type":"cond-expr","locations":[{"start":{"line":122,"column":51},"end":{"line":122,"column":57}},{"start":{"line":122,"column":60},"end":{"line":122,"column":66}}],"line":122},"4":{"loc":{"start":{"line":145,"column":21},"end":{"line":147,"column":15}},"type":"cond-expr","locations":[{"start":{"line":146,"column":6},"end":{"line":146,"column":15}},{"start":{"line":147,"column":6},"end":{"line":147,"column":15}}],"line":145},"5":{"loc":{"start":{"line":149,"column":23},"end":{"line":151,"column":15}},"type":"cond-expr","locations":[{"start":{"line":150,"column":6},"end":{"line":150,"column":15}},{"start":{"line":151,"column":6},"end":{"line":151,"column":15}}],"line":149}},"s":{"0":2,"1":2,"2":2,"3":2,"4":2,"5":0,"6":0,"7":0,"8":2,"9":0,"10":0,"11":2,"12":0,"13":1,"14":1,"15":1,"16":1,"17":1,"18":1,"19":2,"20":1,"21":2,"22":2,"23":1,"24":1,"25":1},"f":{"0":2,"1":0,"2":0,"3":2,"4":0,"5":0,"6":2,"7":2,"8":2},"b":{"0":[0,2],"1":[0,0],"2":[0,2],"3":[2,0],"4":[0,2],"5":[0,2]},"_coverageSchema":"43e27e138ebf9cfc5966b082cf9a028302ed4184","hash":"28572550a89544fa7fb48624f56cf385132fe567"}
,"/Users/vickie/Documents/Github/FEC/ratings_history_module/ratings/client/src/components/ReviewList.jsx": {"path":"/Users/vickie/Documents/Github/FEC/ratings_history_module/ratings/client/src/components/ReviewList.jsx","statementMap":{"0":{"start":{"line":6,"column":19},"end":{"line":11,"column":1}},"1":{"start":{"line":7,"column":2},"end":{"line":10,"column":15}},"2":{"start":{"line":13,"column":19},"end":{"line":19,"column":1}},"3":{"start":{"line":21,"column":0},"end":{"line":23,"column":2}}},"fnMap":{"0":{"name":"(anonymous_0)","decl":{"start":{"line":6,"column":19},"end":{"line":6,"column":20}},"loc":{"start":{"line":7,"column":2},"end":{"line":10,"column":15}},"line":7}},"branchMap":{},"s":{"0":1,"1":1,"2":1,"3":1},"f":{"0":1},"b":{},"_coverageSchema":"43e27e138ebf9cfc5966b082cf9a028302ed4184","hash":"6121b22445c61e531c2428651b2b2c047db41ed4"}
}
