{"/Users/vickie/Documents/Github/FEC/ratings_history_module/ratings/app.js": {"path":"/Users/vickie/Documents/Github/FEC/ratings_history_module/ratings/app.js","statementMap":{"0":{"start":{"line":1,"column":16},"end":{"line":1,"column":34}},"1":{"start":{"line":2,"column":13},"end":{"line":2,"column":28}},"2":{"start":{"line":3,"column":14},"end":{"line":3,"column":40}},"3":{"start":{"line":5,"column":12},"end":{"line":5,"column":21}},"4":{"start":{"line":7,"column":0},"end":{"line":18,"column":3}},"5":{"start":{"line":8,"column":20},"end":{"line":8,"column":42}},"6":{"start":{"line":9,"column":2},"end":{"line":17,"column":3}},"7":{"start":{"line":10,"column":4},"end":{"line":10,"column":21}},"8":{"start":{"line":11,"column":4},"end":{"line":11,"column":38}},"9":{"start":{"line":12,"column":4},"end":{"line":12,"column":11}},"10":{"start":{"line":13,"column":9},"end":{"line":17,"column":3}},"11":{"start":{"line":14,"column":4},"end":{"line":14,"column":21}},"12":{"start":{"line":15,"column":4},"end":{"line":15,"column":40}},"13":{"start":{"line":16,"column":4},"end":{"line":16,"column":11}},"14":{"start":{"line":20,"column":0},"end":{"line":20,"column":66}},"15":{"start":{"line":21,"column":0},"end":{"line":21,"column":81}},"16":{"start":{"line":23,"column":0},"end":{"line":28,"column":3}},"17":{"start":{"line":24,"column":2},"end":{"line":27,"column":45}},"18":{"start":{"line":26,"column":18},"end":{"line":26,"column":44}},"19":{"start":{"line":27,"column":18},"end":{"line":27,"column":43}},"20":{"start":{"line":30,"column":0},"end":{"line":30,"column":21}}},"fnMap":{"0":{"name":"(anonymous_0)","decl":{"start":{"line":7,"column":16},"end":{"line":7,"column":17}},"loc":{"start":{"line":7,"column":36},"end":{"line":18,"column":1}},"line":7},"1":{"name":"(anonymous_1)","decl":{"start":{"line":23,"column":33},"end":{"line":23,"column":34}},"loc":{"start":{"line":23,"column":47},"end":{"line":28,"column":1}},"line":23},"2":{"name":"(anonymous_2)","decl":{"start":{"line":26,"column":10},"end":{"line":26,"column":11}},"loc":{"start":{"line":26,"column":18},"end":{"line":26,"column":44}},"line":26},"3":{"name":"(anonymous_3)","decl":{"start":{"line":27,"column":11},"end":{"line":27,"column":12}},"loc":{"start":{"line":27,"column":18},"end":{"line":27,"column":43}},"line":27}},"branchMap":{"0":{"loc":{"start":{"line":9,"column":2},"end":{"line":17,"column":3}},"type":"if","locations":[{"start":{"line":9,"column":2},"end":{"line":17,"column":3}},{"start":{"line":9,"column":2},"end":{"line":17,"column":3}}],"line":9},"1":{"loc":{"start":{"line":13,"column":9},"end":{"line":17,"column":3}},"type":"if","locations":[{"start":{"line":13,"column":9},"end":{"line":17,"column":3}},{"start":{"line":13,"column":9},"end":{"line":17,"column":3}}],"line":13}},"s":{"0":1,"1":1,"2":1,"3":1,"4":1,"5":0,"6":0,"7":0,"8":0,"9":0,"10":0,"11":0,"12":0,"13":0,"14":1,"15":1,"16":1,"17":0,"18":0,"19":0,"20":1},"f":{"0":0,"1":0,"2":0,"3":0},"b":{"0":[0,0],"1":[0,0]},"_coverageSchema":"43e27e138ebf9cfc5966b082cf9a028302ed4184","hash":"ac81d6503c50d3a584618bf986a668752bd9e8bc"}
,"/Users/vickie/Documents/Github/FEC/ratings_history_module/ratings/controller.js": {"path":"/Users/vickie/Documents/Github/FEC/ratings_history_module/ratings/controller.js","statementMap":{"0":{"start":{"line":1,"column":25},"end":{"line":1,"column":43}},"1":{"start":{"line":3,"column":0},"end":{"line":3,"column":60}},"2":{"start":{"line":3,"column":38},"end":{"line":3,"column":59}}},"fnMap":{"0":{"name":"(anonymous_0)","decl":{"start":{"line":3,"column":27},"end":{"line":3,"column":28}},"loc":{"start":{"line":3,"column":38},"end":{"line":3,"column":59}},"line":3}},"branchMap":{},"s":{"0":1,"1":1,"2":0},"f":{"0":0},"b":{},"_coverageSchema":"43e27e138ebf9cfc5966b082cf9a028302ed4184","hash":"3846e231b6491062fe1ffd01532152d93cef317c"}
,"/Users/vickie/Documents/Github/FEC/ratings_history_module/ratings/empty-module.js": {"path":"/Users/vickie/Documents/Github/FEC/ratings_history_module/ratings/empty-module.js","statementMap":{"0":{"start":{"line":1,"column":0},"end":{"line":1,"column":20}}},"fnMap":{},"branchMap":{},"s":{"0":1},"f":{},"b":{},"_coverageSchema":"43e27e138ebf9cfc5966b082cf9a028302ed4184","hash":"36076a4a91f95910360847472507af7e7d2cd3e8"}
,"/Users/vickie/Documents/Github/FEC/ratings_history_module/ratings/model.js": {"path":"/Users/vickie/Documents/Github/FEC/ratings_history_module/ratings/model.js","statementMap":{"0":{"start":{"line":1,"column":14},"end":{"line":1,"column":52}},"1":{"start":{"line":5,"column":0},"end":{"line":11,"column":3}},"2":{"start":{"line":6,"column":2},"end":{"line":10,"column":5}},"3":{"start":{"line":7,"column":4},"end":{"line":9,"column":33}},"4":{"start":{"line":8,"column":26},"end":{"line":8,"column":45}},"5":{"start":{"line":9,"column":20},"end":{"line":9,"column":31}}},"fnMap":{"0":{"name":"(anonymous_0)","decl":{"start":{"line":5,"column":31},"end":{"line":5,"column":32}},"loc":{"start":{"line":5,"column":44},"end":{"line":11,"column":1}},"line":5},"1":{"name":"(anonymous_1)","decl":{"start":{"line":6,"column":21},"end":{"line":6,"column":22}},"loc":{"start":{"line":6,"column":42},"end":{"line":10,"column":3}},"line":6},"2":{"name":"(anonymous_2)","decl":{"start":{"line":8,"column":12},"end":{"line":8,"column":13}},"loc":{"start":{"line":8,"column":26},"end":{"line":8,"column":45}},"line":8},"3":{"name":"(anonymous_3)","decl":{"start":{"line":9,"column":13},"end":{"line":9,"column":14}},"loc":{"start":{"line":9,"column":20},"end":{"line":9,"column":31}},"line":9}},"branchMap":{},"s":{"0":1,"1":1,"2":0,"3":0,"4":0,"5":0},"f":{"0":0,"1":0,"2":0,"3":0},"b":{},"_coverageSchema":"43e27e138ebf9cfc5966b082cf9a028302ed4184","hash":"8fee511e8737bbaeb999648cbd82191218c377d4"}
,"/Users/vickie/Documents/Github/FEC/ratings_history_module/ratings/client/src/components/App.jsx": {"path":"/Users/vickie/Documents/Github/FEC/ratings_history_module/ratings/client/src/components/App.jsx","statementMap":{"0":{"start":{"line":5,"column":19},"end":{"line":9,"column":1}},"1":{"start":{"line":6,"column":2},"end":{"line":8,"column":12}},"2":{"start":{"line":11,"column":16},"end":{"line":27,"column":1}}},"fnMap":{"0":{"name":"(anonymous_0)","decl":{"start":{"line":5,"column":19},"end":{"line":5,"column":20}},"loc":{"start":{"line":6,"column":2},"end":{"line":8,"column":12}},"line":6}},"branchMap":{},"s":{"0":1,"1":0,"2":1},"f":{"0":0},"b":{},"_coverageSchema":"43e27e138ebf9cfc5966b082cf9a028302ed4184","hash":"f4959dc51daa106f44f7631dc1ae6804fa1260dd"}
,"/Users/vickie/Documents/Github/FEC/ratings_history_module/ratings/client/src/components/DataBarChart.jsx": {"path":"/Users/vickie/Documents/Github/FEC/ratings_history_module/ratings/client/src/components/DataBarChart.jsx","statementMap":{"0":{"start":{"line":6,"column":21},"end":{"line":12,"column":1}},"1":{"start":{"line":7,"column":2},"end":{"line":11,"column":12}},"2":{"start":{"line":14,"column":16},"end":{"line":20,"column":1}},"3":{"start":{"line":22,"column":0},"end":{"line":29,"column":2}}},"fnMap":{"0":{"name":"(anonymous_0)","decl":{"start":{"line":6,"column":21},"end":{"line":6,"column":22}},"loc":{"start":{"line":7,"column":2},"end":{"line":11,"column":12}},"line":7}},"branchMap":{},"s":{"0":1,"1":1,"2":1,"3":1},"f":{"0":1},"b":{},"_coverageSchema":"43e27e138ebf9cfc5966b082cf9a028302ed4184","hash":"0b91eff00cb21459dc82088efd5f0ffacc96c48e"}
,"/Users/vickie/Documents/Github/FEC/ratings_history_module/ratings/client/src/components/DataSpotlight.jsx": {"path":"/Users/vickie/Documents/Github/FEC/ratings_history_module/ratings/client/src/components/DataSpotlight.jsx","statementMap":{"0":{"start":{"line":8,"column":13},"end":{"line":8,"column":22}},"1":{"start":{"line":9,"column":13},"end":{"line":9,"column":22}},"2":{"start":{"line":10,"column":19},"end":{"line":10,"column":45}},"3":{"start":{"line":11,"column":19},"end":{"line":11,"column":44}},"4":{"start":{"line":13,"column":22},"end":{"line":24,"column":1}},"5":{"start":{"line":14,"column":2},"end":{"line":23,"column":11}},"6":{"start":{"line":26,"column":15},"end":{"line":44,"column":1}},"7":{"start":{"line":30,"column":39},"end":{"line":30,"column":82}},"8":{"start":{"line":46,"column":19},"end":{"line":57,"column":1}},"9":{"start":{"line":54,"column":28},"end":{"line":54,"column":59}},"10":{"start":{"line":74,"column":19},"end":{"line":81,"column":1}},"11":{"start":{"line":80,"column":28},"end":{"line":80,"column":59}},"12":{"start":{"line":83,"column":0},"end":{"line":91,"column":2}}},"fnMap":{"0":{"name":"(anonymous_0)","decl":{"start":{"line":13,"column":22},"end":{"line":13,"column":23}},"loc":{"start":{"line":14,"column":2},"end":{"line":23,"column":11}},"line":14},"1":{"name":"(anonymous_1)","decl":{"start":{"line":30,"column":22},"end":{"line":30,"column":23}},"loc":{"start":{"line":30,"column":39},"end":{"line":30,"column":82}},"line":30},"2":{"name":"(anonymous_2)","decl":{"start":{"line":54,"column":11},"end":{"line":54,"column":12}},"loc":{"start":{"line":54,"column":28},"end":{"line":54,"column":59}},"line":54},"3":{"name":"(anonymous_3)","decl":{"start":{"line":80,"column":11},"end":{"line":80,"column":12}},"loc":{"start":{"line":80,"column":28},"end":{"line":80,"column":59}},"line":80}},"branchMap":{"0":{"loc":{"start":{"line":16,"column":7},"end":{"line":16,"column":95}},"type":"binary-expr","locations":[{"start":{"line":16,"column":7},"end":{"line":16,"column":24}},{"start":{"line":16,"column":28},"end":{"line":16,"column":95}}],"line":16},"1":{"loc":{"start":{"line":17,"column":7},"end":{"line":17,"column":95}},"type":"binary-expr","locations":[{"start":{"line":17,"column":7},"end":{"line":17,"column":24}},{"start":{"line":17,"column":28},"end":{"line":17,"column":95}}],"line":17},"2":{"loc":{"start":{"line":30,"column":39},"end":{"line":30,"column":82}},"type":"cond-expr","locations":[{"start":{"line":30,"column":59},"end":{"line":30,"column":69}},{"start":{"line":30,"column":72},"end":{"line":30,"column":82}}],"line":30},"3":{"loc":{"start":{"line":54,"column":28},"end":{"line":54,"column":59}},"type":"cond-expr","locations":[{"start":{"line":54,"column":48},"end":{"line":54,"column":52}},{"start":{"line":54,"column":55},"end":{"line":54,"column":59}}],"line":54},"4":{"loc":{"start":{"line":80,"column":28},"end":{"line":80,"column":59}},"type":"cond-expr","locations":[{"start":{"line":80,"column":48},"end":{"line":80,"column":52}},{"start":{"line":80,"column":55},"end":{"line":80,"column":59}}],"line":80}},"s":{"0":1,"1":1,"2":1,"3":1,"4":1,"5":1,"6":1,"7":1,"8":1,"9":1,"10":1,"11":1,"12":1},"f":{"0":1,"1":1,"2":1,"3":1},"b":{"0":[1,0],"1":[1,1],"2":[0,1],"3":[0,1],"4":[0,1]},"_coverageSchema":"43e27e138ebf9cfc5966b082cf9a028302ed4184","hash":"49fd1a4fe757ff4c343bc994e63dc472d60cc5d7"}
,"/Users/vickie/Documents/Github/FEC/ratings_history_module/ratings/client/src/components/PercentProgress.jsx": {"path":"/Users/vickie/Documents/Github/FEC/ratings_history_module/ratings/client/src/components/PercentProgress.jsx","statementMap":{"0":{"start":{"line":6,"column":13},"end":{"line":6,"column":22}},"1":{"start":{"line":7,"column":13},"end":{"line":7,"column":22}},"2":{"start":{"line":8,"column":14},"end":{"line":8,"column":23}},"3":{"start":{"line":9,"column":16},"end":{"line":9,"column":41}},"4":{"start":{"line":10,"column":16},"end":{"line":10,"column":40}},"5":{"start":{"line":11,"column":21},"end":{"line":11,"column":100}},"6":{"start":{"line":12,"column":21},"end":{"line":12,"column":98}},"7":{"start":{"line":13,"column":22},"end":{"line":13,"column":97}},"8":{"start":{"line":15,"column":24},"end":{"line":32,"column":1}},"9":{"start":{"line":18,"column":2},"end":{"line":31,"column":12}},"10":{"start":{"line":34,"column":16},"end":{"line":41,"column":1}},"11":{"start":{"line":43,"column":16},"end":{"line":52,"column":1}},"12":{"start":{"line":46,"column":37},"end":{"line":50,"column":11}},"13":{"start":{"line":54,"column":20},"end":{"line":66,"column":1}},"14":{"start":{"line":57,"column":37},"end":{"line":61,"column":11}},"15":{"start":{"line":68,"column":15},"end":{"line":79,"column":1}},"16":{"start":{"line":69,"column":42},"end":{"line":73,"column":11}},"17":{"start":{"line":76,"column":31},"end":{"line":76,"column":59}},"18":{"start":{"line":77,"column":37},"end":{"line":77,"column":61}},"19":{"start":{"line":81,"column":18},"end":{"line":94,"column":1}},"20":{"start":{"line":83,"column":34},"end":{"line":83,"column":72}},"21":{"start":{"line":86,"column":44},"end":{"line":90,"column":19}},"22":{"start":{"line":96,"column":16},"end":{"line":99,"column":1}},"23":{"start":{"line":101,"column":0},"end":{"line":106,"column":2}}},"fnMap":{"0":{"name":"(anonymous_0)","decl":{"start":{"line":15,"column":24},"end":{"line":15,"column":25}},"loc":{"start":{"line":18,"column":2},"end":{"line":31,"column":12}},"line":18},"1":{"name":"(anonymous_1)","decl":{"start":{"line":46,"column":11},"end":{"line":46,"column":12}},"loc":{"start":{"line":46,"column":37},"end":{"line":50,"column":11}},"line":46},"2":{"name":"(anonymous_2)","decl":{"start":{"line":57,"column":11},"end":{"line":57,"column":12}},"loc":{"start":{"line":57,"column":37},"end":{"line":61,"column":11}},"line":57},"3":{"name":"(anonymous_3)","decl":{"start":{"line":69,"column":16},"end":{"line":69,"column":17}},"loc":{"start":{"line":69,"column":42},"end":{"line":73,"column":11}},"line":69},"4":{"name":"(anonymous_4)","decl":{"start":{"line":76,"column":11},"end":{"line":76,"column":12}},"loc":{"start":{"line":76,"column":31},"end":{"line":76,"column":59}},"line":76},"5":{"name":"(anonymous_5)","decl":{"start":{"line":77,"column":17},"end":{"line":77,"column":18}},"loc":{"start":{"line":77,"column":37},"end":{"line":77,"column":61}},"line":77},"6":{"name":"(anonymous_6)","decl":{"start":{"line":83,"column":13},"end":{"line":83,"column":14}},"loc":{"start":{"line":83,"column":34},"end":{"line":83,"column":72}},"line":83},"7":{"name":"(anonymous_7)","decl":{"start":{"line":86,"column":18},"end":{"line":86,"column":19}},"loc":{"start":{"line":86,"column":44},"end":{"line":90,"column":19}},"line":86}},"branchMap":{"0":{"loc":{"start":{"line":46,"column":37},"end":{"line":50,"column":11}},"type":"cond-expr","locations":[{"start":{"line":47,"column":6},"end":{"line":49,"column":12}},{"start":{"line":50,"column":6},"end":{"line":50,"column":11}}],"line":46},"1":{"loc":{"start":{"line":47,"column":6},"end":{"line":49,"column":12}},"type":"cond-expr","locations":[{"start":{"line":48,"column":8},"end":{"line":48,"column":12}},{"start":{"line":49,"column":8},"end":{"line":49,"column":12}}],"line":47},"2":{"loc":{"start":{"line":57,"column":37},"end":{"line":61,"column":11}},"type":"cond-expr","locations":[{"start":{"line":58,"column":6},"end":{"line":60,"column":15}},{"start":{"line":61,"column":6},"end":{"line":61,"column":11}}],"line":57},"3":{"loc":{"start":{"line":58,"column":6},"end":{"line":60,"column":15}},"type":"cond-expr","locations":[{"start":{"line":59,"column":8},"end":{"line":59,"column":15}},{"start":{"line":60,"column":8},"end":{"line":60,"column":15}}],"line":58},"4":{"loc":{"start":{"line":69,"column":42},"end":{"line":73,"column":11}},"type":"cond-expr","locations":[{"start":{"line":70,"column":6},"end":{"line":72,"column":12}},{"start":{"line":73,"column":6},"end":{"line":73,"column":11}}],"line":69},"5":{"loc":{"start":{"line":70,"column":6},"end":{"line":72,"column":12}},"type":"cond-expr","locations":[{"start":{"line":71,"column":8},"end":{"line":71,"column":12}},{"start":{"line":72,"column":8},"end":{"line":72,"column":12}}],"line":70},"6":{"loc":{"start":{"line":86,"column":44},"end":{"line":90,"column":19}},"type":"cond-expr","locations":[{"start":{"line":87,"column":6},"end":{"line":89,"column":20}},{"start":{"line":90,"column":6},"end":{"line":90,"column":19}}],"line":86},"7":{"loc":{"start":{"line":87,"column":6},"end":{"line":89,"column":20}},"type":"cond-expr","locations":[{"start":{"line":88,"column":8},"end":{"line":88,"column":20}},{"start":{"line":89,"column":8},"end":{"line":89,"column":20}}],"line":87}},"s":{"0":1,"1":1,"2":1,"3":1,"4":1,"5":1,"6":1,"7":1,"8":1,"9":3,"10":1,"11":1,"12":3,"13":1,"14":3,"15":1,"16":3,"17":3,"18":3,"19":1,"20":3,"21":3,"22":1,"23":1},"f":{"0":3,"1":3,"2":3,"3":3,"4":3,"5":3,"6":3,"7":3},"b":{"0":[1,2],"1":[0,1],"2":[1,2],"3":[0,1],"4":[1,2],"5":[0,1],"6":[1,2],"7":[0,1]},"_coverageSchema":"43e27e138ebf9cfc5966b082cf9a028302ed4184","hash":"4ff62dd6cf3543e728b13319d29b3bfc6160d413"}
,"/Users/vickie/Documents/Github/FEC/ratings_history_module/ratings/client/src/components/RatingsApp.jsx": {"path":"/Users/vickie/Documents/Github/FEC/ratings_history_module/ratings/client/src/components/RatingsApp.jsx","statementMap":{"0":{"start":{"line":10,"column":4},"end":{"line":10,"column":12}},"1":{"start":{"line":11,"column":4},"end":{"line":22,"column":6}},"2":{"start":{"line":24,"column":4},"end":{"line":24,"column":53}},"3":{"start":{"line":25,"column":4},"end":{"line":25,"column":53}},"4":{"start":{"line":29,"column":4},"end":{"line":29,"column":24}},"5":{"start":{"line":33,"column":20},"end":{"line":33,"column":58}},"6":{"start":{"line":34,"column":4},"end":{"line":50,"column":5}},"7":{"start":{"line":35,"column":6},"end":{"line":41,"column":11}},"8":{"start":{"line":36,"column":21},"end":{"line":36,"column":29}},"9":{"start":{"line":38,"column":10},"end":{"line":40,"column":13}},"10":{"start":{"line":43,"column":6},"end":{"line":49,"column":11}},"11":{"start":{"line":44,"column":21},"end":{"line":44,"column":29}},"12":{"start":{"line":46,"column":10},"end":{"line":48,"column":13}},"13":{"start":{"line":54,"column":23},"end":{"line":54,"column":33}},"14":{"start":{"line":55,"column":4},"end":{"line":55,"column":23}},"15":{"start":{"line":56,"column":4},"end":{"line":58,"column":7}},"16":{"start":{"line":62,"column":30},"end":{"line":62,"column":40}},"17":{"start":{"line":63,"column":4},"end":{"line":76,"column":6}},"18":{"start":{"line":80,"column":12},"end":{"line":85,"column":1}},"19":{"start":{"line":87,"column":13},"end":{"line":90,"column":1}},"20":{"start":{"line":92,"column":14},"end":{"line":96,"column":1}},"21":{"start":{"line":98,"column":21},"end":{"line":109,"column":1}}},"fnMap":{"0":{"name":"(anonymous_0)","decl":{"start":{"line":9,"column":2},"end":{"line":9,"column":3}},"loc":{"start":{"line":9,"column":16},"end":{"line":26,"column":3}},"line":9},"1":{"name":"(anonymous_1)","decl":{"start":{"line":28,"column":2},"end":{"line":28,"column":3}},"loc":{"start":{"line":28,"column":22},"end":{"line":30,"column":3}},"line":28},"2":{"name":"(anonymous_2)","decl":{"start":{"line":32,"column":2},"end":{"line":32,"column":3}},"loc":{"start":{"line":32,"column":17},"end":{"line":51,"column":3}},"line":32},"3":{"name":"(anonymous_3)","decl":{"start":{"line":36,"column":14},"end":{"line":36,"column":15}},"loc":{"start":{"line":36,"column":21},"end":{"line":36,"column":29}},"line":36},"4":{"name":"(anonymous_4)","decl":{"start":{"line":37,"column":14},"end":{"line":37,"column":15}},"loc":{"start":{"line":37,"column":26},"end":{"line":41,"column":9}},"line":37},"5":{"name":"(anonymous_5)","decl":{"start":{"line":44,"column":14},"end":{"line":44,"column":15}},"loc":{"start":{"line":44,"column":21},"end":{"line":44,"column":29}},"line":44},"6":{"name":"(anonymous_6)","decl":{"start":{"line":45,"column":14},"end":{"line":45,"column":15}},"loc":{"start":{"line":45,"column":26},"end":{"line":49,"column":9}},"line":45},"7":{"name":"(anonymous_7)","decl":{"start":{"line":53,"column":2},"end":{"line":53,"column":3}},"loc":{"start":{"line":53,"column":18},"end":{"line":59,"column":3}},"line":53},"8":{"name":"(anonymous_8)","decl":{"start":{"line":61,"column":2},"end":{"line":61,"column":3}},"loc":{"start":{"line":61,"column":11},"end":{"line":77,"column":3}},"line":61}},"branchMap":{"0":{"loc":{"start":{"line":34,"column":4},"end":{"line":50,"column":5}},"type":"if","locations":[{"start":{"line":34,"column":4},"end":{"line":50,"column":5}},{"start":{"line":34,"column":4},"end":{"line":50,"column":5}}],"line":34},"1":{"loc":{"start":{"line":57,"column":14},"end":{"line":57,"column":49}},"type":"cond-expr","locations":[{"start":{"line":57,"column":34},"end":{"line":57,"column":40}},{"start":{"line":57,"column":43},"end":{"line":57,"column":49}}],"line":57}},"s":{"0":2,"1":2,"2":2,"3":2,"4":1,"5":1,"6":1,"7":1,"8":0,"9":0,"10":0,"11":0,"12":0,"13":0,"14":0,"15":0,"16":2,"17":2,"18":1,"19":1,"20":1,"21":1},"f":{"0":2,"1":1,"2":1,"3":0,"4":0,"5":0,"6":0,"7":0,"8":2},"b":{"0":[1,0],"1":[0,0]},"_coverageSchema":"43e27e138ebf9cfc5966b082cf9a028302ed4184","hash":"aced78efe8ef6db8521ab06b32ba803e41e91e01"}
,"/Users/vickie/Documents/Github/FEC/ratings_history_module/ratings/client/src/components/Review.jsx": {"path":"/Users/vickie/Documents/Github/FEC/ratings_history_module/ratings/client/src/components/Review.jsx","statementMap":{"0":{"start":{"line":7,"column":13},"end":{"line":7,"column":22}},"1":{"start":{"line":8,"column":13},"end":{"line":8,"column":22}},"2":{"start":{"line":9,"column":14},"end":{"line":9,"column":23}},"3":{"start":{"line":10,"column":18},"end":{"line":10,"column":27}},"4":{"start":{"line":11,"column":18},"end":{"line":11,"column":27}},"5":{"start":{"line":12,"column":17},"end":{"line":12,"column":26}},"6":{"start":{"line":13,"column":13},"end":{"line":13,"column":22}},"7":{"start":{"line":17,"column":4},"end":{"line":17,"column":17}},"8":{"start":{"line":18,"column":4},"end":{"line":20,"column":6}},"9":{"start":{"line":21,"column":35},"end":{"line":21,"column":45}},"10":{"start":{"line":22,"column":4},"end":{"line":22,"column":25}},"11":{"start":{"line":23,"column":4},"end":{"line":23,"column":33}},"12":{"start":{"line":24,"column":4},"end":{"line":24,"column":57}},"13":{"start":{"line":28,"column":4},"end":{"line":28,"column":23}},"14":{"start":{"line":29,"column":4},"end":{"line":31,"column":8}},"15":{"start":{"line":29,"column":32},"end":{"line":31,"column":5}},"16":{"start":{"line":35,"column":25},"end":{"line":35,"column":35}},"17":{"start":{"line":36,"column":46},"end":{"line":36,"column":56}},"18":{"start":{"line":37,"column":4},"end":{"line":69,"column":5}},"19":{"start":{"line":38,"column":6},"end":{"line":68,"column":8}},"20":{"start":{"line":62,"column":54},"end":{"line":62,"column":76}},"21":{"start":{"line":70,"column":4},"end":{"line":91,"column":6}},"22":{"start":{"line":85,"column":52},"end":{"line":85,"column":74}},"23":{"start":{"line":95,"column":23},"end":{"line":97,"column":1}},"24":{"start":{"line":98,"column":18},"end":{"line":100,"column":1}},"25":{"start":{"line":102,"column":22},"end":{"line":110,"column":1}},"26":{"start":{"line":112,"column":16},"end":{"line":117,"column":1}},"27":{"start":{"line":119,"column":17},"end":{"line":121,"column":1}},"28":{"start":{"line":123,"column":18},"end":{"line":151,"column":1}},"29":{"start":{"line":133,"column":24},"end":{"line":133,"column":66}},"30":{"start":{"line":153,"column":17},"end":{"line":171,"column":1}},"31":{"start":{"line":160,"column":21},"end":{"line":162,"column":10}},"32":{"start":{"line":165,"column":23},"end":{"line":167,"column":15}},"33":{"start":{"line":173,"column":22},"end":{"line":186,"column":1}},"34":{"start":{"line":188,"column":23},"end":{"line":190,"column":1}},"35":{"start":{"line":189,"column":2},"end":{"line":189,"column":66}},"36":{"start":{"line":198,"column":0},"end":{"line":202,"column":2}}},"fnMap":{"0":{"name":"(anonymous_0)","decl":{"start":{"line":16,"column":2},"end":{"line":16,"column":3}},"loc":{"start":{"line":16,"column":21},"end":{"line":25,"column":3}},"line":16},"1":{"name":"(anonymous_1)","decl":{"start":{"line":27,"column":2},"end":{"line":27,"column":3}},"loc":{"start":{"line":27,"column":20},"end":{"line":32,"column":3}},"line":27},"2":{"name":"(anonymous_2)","decl":{"start":{"line":29,"column":18},"end":{"line":29,"column":19}},"loc":{"start":{"line":29,"column":32},"end":{"line":31,"column":5}},"line":29},"3":{"name":"(anonymous_3)","decl":{"start":{"line":34,"column":2},"end":{"line":34,"column":3}},"loc":{"start":{"line":34,"column":11},"end":{"line":92,"column":3}},"line":34},"4":{"name":"(anonymous_4)","decl":{"start":{"line":62,"column":49},"end":{"line":62,"column":50}},"loc":{"start":{"line":62,"column":54},"end":{"line":62,"column":76}},"line":62},"5":{"name":"(anonymous_5)","decl":{"start":{"line":85,"column":47},"end":{"line":85,"column":48}},"loc":{"start":{"line":85,"column":52},"end":{"line":85,"column":74}},"line":85},"6":{"name":"(anonymous_6)","decl":{"start":{"line":133,"column":14},"end":{"line":133,"column":15}},"loc":{"start":{"line":133,"column":24},"end":{"line":133,"column":66}},"line":133},"7":{"name":"(anonymous_7)","decl":{"start":{"line":160,"column":11},"end":{"line":160,"column":12}},"loc":{"start":{"line":160,"column":21},"end":{"line":162,"column":10}},"line":160},"8":{"name":"(anonymous_8)","decl":{"start":{"line":165,"column":13},"end":{"line":165,"column":14}},"loc":{"start":{"line":165,"column":23},"end":{"line":167,"column":15}},"line":165},"9":{"name":"(anonymous_9)","decl":{"start":{"line":188,"column":23},"end":{"line":188,"column":24}},"loc":{"start":{"line":189,"column":2},"end":{"line":189,"column":66}},"line":189}},"branchMap":{"0":{"loc":{"start":{"line":37,"column":4},"end":{"line":69,"column":5}},"type":"if","locations":[{"start":{"line":37,"column":4},"end":{"line":69,"column":5}},{"start":{"line":37,"column":4},"end":{"line":69,"column":5}}],"line":37},"1":{"loc":{"start":{"line":62,"column":79},"end":{"line":62,"column":124}},"type":"cond-expr","locations":[{"start":{"line":62,"column":99},"end":{"line":62,"column":110}},{"start":{"line":62,"column":113},"end":{"line":62,"column":124}}],"line":62},"2":{"loc":{"start":{"line":85,"column":77},"end":{"line":85,"column":122}},"type":"cond-expr","locations":[{"start":{"line":85,"column":97},"end":{"line":85,"column":108}},{"start":{"line":85,"column":111},"end":{"line":85,"column":122}}],"line":85},"3":{"loc":{"start":{"line":133,"column":24},"end":{"line":133,"column":66}},"type":"cond-expr","locations":[{"start":{"line":133,"column":51},"end":{"line":133,"column":57}},{"start":{"line":133,"column":60},"end":{"line":133,"column":66}}],"line":133},"4":{"loc":{"start":{"line":160,"column":21},"end":{"line":162,"column":10}},"type":"cond-expr","locations":[{"start":{"line":161,"column":6},"end":{"line":161,"column":10}},{"start":{"line":162,"column":6},"end":{"line":162,"column":10}}],"line":160},"5":{"loc":{"start":{"line":165,"column":23},"end":{"line":167,"column":15}},"type":"cond-expr","locations":[{"start":{"line":166,"column":6},"end":{"line":166,"column":15}},{"start":{"line":167,"column":6},"end":{"line":167,"column":15}}],"line":165}},"s":{"0":1,"1":1,"2":1,"3":1,"4":1,"5":1,"6":1,"7":2,"8":2,"9":2,"10":2,"11":2,"12":2,"13":0,"14":0,"15":0,"16":2,"17":2,"18":2,"19":0,"20":0,"21":2,"22":0,"23":1,"24":1,"25":1,"26":1,"27":1,"28":1,"29":2,"30":1,"31":2,"32":2,"33":1,"34":1,"35":2,"36":1},"f":{"0":2,"1":0,"2":0,"3":2,"4":0,"5":0,"6":2,"7":2,"8":2,"9":2},"b":{"0":[0,2],"1":[0,0],"2":[0,2],"3":[2,0],"4":[0,2],"5":[0,2]},"_coverageSchema":"43e27e138ebf9cfc5966b082cf9a028302ed4184","hash":"16494f7b0d6898a3cce6c03871eb890207a45b2e"}
,"/Users/vickie/Documents/Github/FEC/ratings_history_module/ratings/client/src/components/ReviewList.jsx": {"path":"/Users/vickie/Documents/Github/FEC/ratings_history_module/ratings/client/src/components/ReviewList.jsx","statementMap":{"0":{"start":{"line":6,"column":19},"end":{"line":11,"column":1}},"1":{"start":{"line":7,"column":2},"end":{"line":10,"column":15}},"2":{"start":{"line":13,"column":19},"end":{"line":19,"column":1}},"3":{"start":{"line":21,"column":0},"end":{"line":28,"column":2}}},"fnMap":{"0":{"name":"(anonymous_0)","decl":{"start":{"line":6,"column":19},"end":{"line":6,"column":20}},"loc":{"start":{"line":7,"column":2},"end":{"line":10,"column":15}},"line":7}},"branchMap":{},"s":{"0":1,"1":1,"2":1,"3":1},"f":{"0":1},"b":{},"_coverageSchema":"43e27e138ebf9cfc5966b082cf9a028302ed4184","hash":"280d0ae555001a22236fc1a5e52a933807bf71f5"}
,"/Users/vickie/Documents/Github/FEC/ratings_history_module/ratings/database-mongodb/Stock.js": {"path":"/Users/vickie/Documents/Github/FEC/ratings_history_module/ratings/database-mongodb/Stock.js","statementMap":{"0":{"start":{"line":1,"column":17},"end":{"line":1,"column":36}},"1":{"start":{"line":2,"column":11},"end":{"line":2,"column":32}},"2":{"start":{"line":4,"column":0},"end":{"line":4,"column":34}},"3":{"start":{"line":6,"column":20},"end":{"line":14,"column":2}},"4":{"start":{"line":16,"column":14},"end":{"line":16,"column":51}},"5":{"start":{"line":18,"column":0},"end":{"line":18,"column":23}}},"fnMap":{},"branchMap":{},"s":{"0":1,"1":1,"2":1,"3":1,"4":1,"5":1},"f":{},"b":{},"_coverageSchema":"43e27e138ebf9cfc5966b082cf9a028302ed4184","hash":"9d03017ce243374283d99e32a2424941654ffcec"}
,"/Users/vickie/Documents/Github/FEC/ratings_history_module/ratings/database-mongodb/index.js": {"path":"/Users/vickie/Documents/Github/FEC/ratings_history_module/ratings/database-mongodb/index.js","statementMap":{"0":{"start":{"line":1,"column":17},"end":{"line":1,"column":36}},"1":{"start":{"line":3,"column":15},"end":{"line":3,"column":64}},"2":{"start":{"line":4,"column":17},"end":{"line":4,"column":40}},"3":{"start":{"line":6,"column":0},"end":{"line":6,"column":54}},"4":{"start":{"line":7,"column":11},"end":{"line":7,"column":30}},"5":{"start":{"line":9,"column":0},"end":{"line":11,"column":3}},"6":{"start":{"line":10,"column":2},"end":{"line":10,"column":51}},"7":{"start":{"line":13,"column":0},"end":{"line":13,"column":20}}},"fnMap":{"0":{"name":"(anonymous_0)","decl":{"start":{"line":9,"column":16},"end":{"line":9,"column":17}},"loc":{"start":{"line":9,"column":22},"end":{"line":11,"column":1}},"line":9}},"branchMap":{"0":{"loc":{"start":{"line":3,"column":15},"end":{"line":3,"column":64}},"type":"binary-expr","locations":[{"start":{"line":3,"column":15},"end":{"line":3,"column":33}},{"start":{"line":3,"column":37},"end":{"line":3,"column":64}}],"line":3}},"s":{"0":1,"1":1,"2":1,"3":1,"4":1,"5":1,"6":1,"7":1},"f":{"0":1},"b":{"0":[1,1]},"_coverageSchema":"43e27e138ebf9cfc5966b082cf9a028302ed4184","hash":"d637d456087210222e4dceb11186980998fba931"}
}
