TN:
SF:/Users/vickie/Documents/Github/FEC/ratings_history_module/ratings/app.js
FN:7,(anonymous_0)
FN:23,(anonymous_1)
FN:26,(anonymous_2)
FN:27,(anonymous_3)
FNF:4
FNH:0
FNDA:0,(anonymous_0)
FNDA:0,(anonymous_1)
FNDA:0,(anonymous_2)
FNDA:0,(anonymous_3)
DA:1,1
DA:2,1
DA:3,1
DA:5,1
DA:7,1
DA:8,0
DA:9,0
DA:10,0
DA:11,0
DA:12,0
DA:13,0
DA:14,0
DA:15,0
DA:16,0
DA:20,1
DA:21,1
DA:23,1
DA:24,0
DA:26,0
DA:27,0
DA:30,1
LF:21
LH:9
BRDA:9,0,0,0
BRDA:9,0,1,0
BRDA:13,1,0,0
BRDA:13,1,1,0
BRF:4
BRH:0
end_of_record
TN:
SF:/Users/vickie/Documents/Github/FEC/ratings_history_module/ratings/controller.js
FN:3,(anonymous_0)
FNF:1
FNH:0
FNDA:0,(anonymous_0)
DA:1,1
DA:3,1
LF:2
LH:2
BRF:0
BRH:0
end_of_record
TN:
SF:/Users/vickie/Documents/Github/FEC/ratings_history_module/ratings/empty-module.js
FNF:0
FNH:0
DA:1,1
LF:1
LH:1
BRF:0
BRH:0
end_of_record
TN:
SF:/Users/vickie/Documents/Github/FEC/ratings_history_module/ratings/model.js
FN:5,(anonymous_0)
FN:6,(anonymous_1)
FN:8,(anonymous_2)
FN:9,(anonymous_3)
FNF:4
FNH:0
FNDA:0,(anonymous_0)
FNDA:0,(anonymous_1)
FNDA:0,(anonymous_2)
FNDA:0,(anonymous_3)
DA:1,1
DA:5,1
DA:6,0
DA:7,0
DA:8,0
DA:9,0
LF:6
LH:2
BRF:0
BRH:0
end_of_record
TN:
SF:/Users/vickie/Documents/Github/FEC/ratings_history_module/ratings/client/src/components/App.jsx
FN:5,(anonymous_0)
FNF:1
FNH:0
FNDA:0,(anonymous_0)
DA:5,1
DA:6,0
DA:11,1
LF:3
LH:2
BRF:0
BRH:0
end_of_record
TN:
SF:/Users/vickie/Documents/Github/FEC/ratings_history_module/ratings/client/src/components/DataBarChart.jsx
FN:6,(anonymous_0)
FNF:1
FNH:1
FNDA:1,(anonymous_0)
DA:6,1
DA:7,1
DA:14,1
DA:22,1
LF:4
LH:4
BRF:0
BRH:0
end_of_record
TN:
SF:/Users/vickie/Documents/Github/FEC/ratings_history_module/ratings/client/src/components/DataSpotlight.jsx
FN:13,(anonymous_0)
FN:30,(anonymous_1)
FN:54,(anonymous_2)
FN:80,(anonymous_3)
FNF:4
FNH:4
FNDA:1,(anonymous_0)
FNDA:1,(anonymous_1)
FNDA:1,(anonymous_2)
FNDA:1,(anonymous_3)
DA:8,1
DA:9,1
DA:10,1
DA:11,1
DA:13,1
DA:14,1
DA:26,1
DA:30,1
DA:46,1
DA:54,1
DA:74,1
DA:80,1
DA:83,1
LF:13
LH:13
BRDA:16,0,0,1
BRDA:16,0,1,0
BRDA:17,1,0,1
BRDA:17,1,1,1
BRDA:30,2,0,0
BRDA:30,2,1,1
BRDA:54,3,0,0
BRDA:54,3,1,1
BRDA:80,4,0,0
BRDA:80,4,1,1
BRF:10
BRH:6
end_of_record
TN:
SF:/Users/vickie/Documents/Github/FEC/ratings_history_module/ratings/client/src/components/PercentProgress.jsx
FN:15,(anonymous_0)
FN:46,(anonymous_1)
FN:57,(anonymous_2)
FN:69,(anonymous_3)
FN:76,(anonymous_4)
FN:77,(anonymous_5)
FN:83,(anonymous_6)
FN:86,(anonymous_7)
FNF:8
FNH:8
FNDA:3,(anonymous_0)
FNDA:3,(anonymous_1)
FNDA:3,(anonymous_2)
FNDA:3,(anonymous_3)
FNDA:3,(anonymous_4)
FNDA:3,(anonymous_5)
FNDA:3,(anonymous_6)
FNDA:3,(anonymous_7)
DA:6,1
DA:7,1
DA:8,1
DA:9,1
DA:10,1
DA:11,1
DA:12,1
DA:13,1
DA:15,1
DA:18,3
DA:34,1
DA:43,1
DA:46,3
DA:54,1
DA:57,3
DA:68,1
DA:69,3
DA:76,3
DA:77,3
DA:81,1
DA:83,3
DA:86,3
DA:96,1
DA:101,1
LF:24
LH:24
BRDA:46,0,0,1
BRDA:46,0,1,2
BRDA:47,1,0,0
BRDA:47,1,1,1
BRDA:57,2,0,1
BRDA:57,2,1,2
BRDA:58,3,0,0
BRDA:58,3,1,1
BRDA:69,4,0,1
BRDA:69,4,1,2
BRDA:70,5,0,0
BRDA:70,5,1,1
BRDA:86,6,0,1
BRDA:86,6,1,2
BRDA:87,7,0,0
BRDA:87,7,1,1
BRF:16
BRH:12
end_of_record
TN:
SF:/Users/vickie/Documents/Github/FEC/ratings_history_module/ratings/client/src/components/RatingsApp.jsx
FN:9,(anonymous_0)
FN:28,(anonymous_1)
FN:32,(anonymous_2)
FN:36,(anonymous_3)
FN:37,(anonymous_4)
FN:44,(anonymous_5)
FN:45,(anonymous_6)
FN:53,(anonymous_7)
FN:61,(anonymous_8)
FNF:9
FNH:4
FNDA:2,(anonymous_0)
FNDA:1,(anonymous_1)
FNDA:1,(anonymous_2)
FNDA:0,(anonymous_3)
FNDA:0,(anonymous_4)
FNDA:0,(anonymous_5)
FNDA:0,(anonymous_6)
FNDA:0,(anonymous_7)
FNDA:2,(anonymous_8)
DA:10,2
DA:11,2
DA:24,2
DA:25,2
DA:29,1
DA:33,1
DA:34,1
DA:35,1
DA:36,0
DA:38,0
DA:43,0
DA:44,0
DA:46,0
DA:54,0
DA:55,0
DA:56,0
DA:62,2
DA:63,2
DA:80,1
DA:87,1
DA:92,1
DA:98,1
LF:22
LH:14
BRDA:34,0,0,1
BRDA:34,0,1,0
BRDA:57,1,0,0
BRDA:57,1,1,0
BRF:4
BRH:1
end_of_record
TN:
SF:/Users/vickie/Documents/Github/FEC/ratings_history_module/ratings/client/src/components/Review.jsx
FN:16,(anonymous_0)
FN:27,(anonymous_1)
FN:29,(anonymous_2)
FN:34,(anonymous_3)
FN:62,(anonymous_4)
FN:85,(anonymous_5)
FN:133,(anonymous_6)
FN:160,(anonymous_7)
FN:165,(anonymous_8)
FN:188,(anonymous_9)
FNF:10
FNH:6
FNDA:2,(anonymous_0)
FNDA:0,(anonymous_1)
FNDA:0,(anonymous_2)
FNDA:2,(anonymous_3)
FNDA:0,(anonymous_4)
FNDA:0,(anonymous_5)
FNDA:2,(anonymous_6)
FNDA:2,(anonymous_7)
FNDA:2,(anonymous_8)
FNDA:2,(anonymous_9)
DA:7,1
DA:8,1
DA:9,1
DA:10,1
DA:11,1
DA:12,1
DA:13,1
DA:17,2
DA:18,2
DA:21,2
DA:22,2
DA:23,2
DA:24,2
DA:28,0
DA:29,0
DA:35,2
DA:36,2
DA:37,2
DA:38,0
DA:62,0
DA:70,2
DA:85,0
DA:95,1
DA:98,1
DA:102,1
DA:112,1
DA:119,1
DA:123,1
DA:133,2
DA:153,1
DA:160,2
DA:165,2
DA:173,1
DA:188,1
DA:189,2
DA:198,1
LF:36
LH:31
BRDA:37,0,0,0
BRDA:37,0,1,2
BRDA:62,1,0,0
BRDA:62,1,1,0
BRDA:85,2,0,0
BRDA:85,2,1,2
BRDA:133,3,0,2
BRDA:133,3,1,0
BRDA:160,4,0,0
BRDA:160,4,1,2
BRDA:165,5,0,0
BRDA:165,5,1,2
BRF:12
BRH:5
end_of_record
TN:
SF:/Users/vickie/Documents/Github/FEC/ratings_history_module/ratings/client/src/components/ReviewList.jsx
FN:6,(anonymous_0)
FNF:1
FNH:1
FNDA:1,(anonymous_0)
DA:6,1
DA:7,1
DA:13,1
DA:21,1
LF:4
LH:4
BRF:0
BRH:0
end_of_record
TN:
SF:/Users/vickie/Documents/Github/FEC/ratings_history_module/ratings/database-mongodb/Stock.js
FNF:0
FNH:0
DA:1,1
DA:2,1
DA:4,1
DA:6,1
DA:16,1
DA:18,1
LF:6
LH:6
BRF:0
BRH:0
end_of_record
TN:
SF:/Users/vickie/Documents/Github/FEC/ratings_history_module/ratings/database-mongodb/index.js
FN:9,(anonymous_0)
FNF:1
FNH:1
FNDA:1,(anonymous_0)
DA:1,1
DA:3,1
DA:4,1
DA:6,1
DA:7,1
DA:9,1
DA:10,1
DA:13,1
LF:8
LH:8
BRDA:3,0,0,1
BRDA:3,0,1,1
BRF:2
BRH:2
end_of_record
