TN:
SF:/Users/vickie/Documents/Github/FEC/ratings_history_module/ratings/client/src/components/App.jsx
FN:5,(anonymous_0)
FNF:1
FNH:0
FNDA:0,(anonymous_0)
DA:5,1
DA:6,0
DA:11,1
LF:3
LH:2
BRF:0
BRH:0
end_of_record
TN:
SF:/Users/vickie/Documents/Github/FEC/ratings_history_module/ratings/client/src/components/DataBarChart.jsx
FN:6,(anonymous_0)
FNF:1
FNH:1
FNDA:1,(anonymous_0)
DA:6,1
DA:7,1
DA:14,1
LF:3
LH:3
BRF:0
BRH:0
end_of_record
TN:
SF:/Users/vickie/Documents/Github/FEC/ratings_history_module/ratings/client/src/components/DataSpotlight.jsx
FN:6,(anonymous_0)
FNF:1
FNH:1
FNDA:1,(anonymous_0)
DA:6,1
DA:7,1
DA:20,1
DA:31,1
DA:43,1
DA:59,1
DA:68,1
LF:7
LH:7
BRF:0
BRH:0
end_of_record
TN:
SF:/Users/vickie/Documents/Github/FEC/ratings_history_module/ratings/client/src/components/PercentProgress.jsx
FN:5,(anonymous_0)
FN:35,(anonymous_1)
FN:44,(anonymous_2)
FN:54,(anonymous_3)
FN:59,(anonymous_4)
FN:60,(anonymous_5)
FN:66,(anonymous_6)
FN:69,(anonymous_7)
FNF:8
FNH:8
FNDA:3,(anonymous_0)
FNDA:3,(anonymous_1)
FNDA:3,(anonymous_2)
FNDA:3,(anonymous_3)
FNDA:3,(anonymous_4)
FNDA:3,(anonymous_5)
FNDA:3,(anonymous_6)
FNDA:3,(anonymous_7)
DA:5,1
DA:6,3
DA:23,1
DA:32,1
DA:35,3
DA:41,1
DA:44,3
DA:53,1
DA:54,3
DA:59,3
DA:60,3
DA:64,1
DA:66,3
DA:69,3
DA:77,1
DA:82,1
LF:16
LH:16
BRDA:35,0,0,1
BRDA:35,0,1,2
BRDA:44,1,0,1
BRDA:44,1,1,2
BRDA:54,2,0,1
BRDA:54,2,1,2
BRDA:69,3,0,1
BRDA:69,3,1,2
BRF:8
BRH:8
end_of_record
TN:
SF:/Users/vickie/Documents/Github/FEC/ratings_history_module/ratings/client/src/components/RatingsApp.jsx
FN:9,(anonymous_0)
FN:27,(anonymous_1)
FN:31,(anonymous_2)
FN:35,(anonymous_3)
FN:36,(anonymous_4)
FN:43,(anonymous_5)
FN:44,(anonymous_6)
FN:52,(anonymous_7)
FNF:8
FNH:4
FNDA:2,(anonymous_0)
FNDA:1,(anonymous_1)
FNDA:1,(anonymous_2)
FNDA:0,(anonymous_3)
FNDA:0,(anonymous_4)
FNDA:0,(anonymous_5)
FNDA:0,(anonymous_6)
FNDA:2,(anonymous_7)
DA:10,2
DA:11,2
DA:24,2
DA:28,1
DA:32,1
DA:33,1
DA:34,1
DA:35,0
DA:37,0
DA:42,0
DA:43,0
DA:45,0
DA:53,2
DA:70,1
DA:77,1
DA:82,1
DA:88,1
LF:17
LH:12
BRDA:33,0,0,1
BRDA:33,0,1,0
BRF:2
BRH:1
end_of_record
TN:
SF:/Users/vickie/Documents/Github/FEC/ratings_history_module/ratings/client/src/components/Review.jsx
FN:7,(anonymous_0)
FN:17,(anonymous_1)
FN:19,(anonymous_2)
FN:24,(anonymous_3)
FN:50,(anonymous_4)
FN:74,(anonymous_5)
FN:122,(anonymous_6)
FN:145,(anonymous_7)
FN:149,(anonymous_8)
FNF:9
FNH:5
FNDA:2,(anonymous_0)
FNDA:0,(anonymous_1)
FNDA:0,(anonymous_2)
FNDA:2,(anonymous_3)
FNDA:0,(anonymous_4)
FNDA:0,(anonymous_5)
FNDA:2,(anonymous_6)
FNDA:2,(anonymous_7)
FNDA:2,(anonymous_8)
DA:8,2
DA:9,2
DA:12,2
DA:13,2
DA:14,2
DA:18,0
DA:19,0
DA:25,2
DA:26,0
DA:50,0
DA:58,2
DA:74,0
DA:84,1
DA:87,1
DA:91,1
DA:101,1
DA:108,1
DA:112,1
DA:122,2
DA:143,1
DA:145,2
DA:149,2
DA:156,1
DA:171,1
DA:178,1
LF:25
LH:20
BRDA:25,0,0,0
BRDA:25,0,1,2
BRDA:50,1,0,0
BRDA:50,1,1,0
BRDA:74,2,0,0
BRDA:74,2,1,2
BRDA:122,3,0,2
BRDA:122,3,1,0
BRDA:145,4,0,0
BRDA:145,4,1,2
BRDA:149,5,0,0
BRDA:149,5,1,2
BRF:12
BRH:5
end_of_record
TN:
SF:/Users/vickie/Documents/Github/FEC/ratings_history_module/ratings/client/src/components/ReviewList.jsx
FN:6,(anonymous_0)
FNF:1
FNH:1
FNDA:1,(anonymous_0)
DA:6,1
DA:7,1
DA:13,1
DA:21,1
LF:4
LH:4
BRF:0
BRH:0
end_of_record
