<?xml version="1.0" encoding="UTF-8"?>
<coverage generated="1559076629942" clover="3.2.0">
  <project timestamp="1559076629942" name="All files">
    <metrics statements="51" coveredstatements="39" conditionals="30" coveredconditionals="11" methods="26" coveredmethods="16" elements="107" coveredelements="66" complexity="0" loc="51" ncloc="51" packages="1" files="3" classes="3"/>
    <file name="App.jsx" path="/Users/vickie/Documents/Github/FEC/ratings_history_module/history/client/src/components/App.jsx">
      <metrics statements="3" coveredstatements="3" conditionals="0" coveredconditionals="0" methods="1" coveredmethods="1"/>
      <line num="5" count="1" type="stmt"/>
      <line num="6" count="2" type="stmt"/>
      <line num="11" count="1" type="stmt"/>
    </file>
    <file name="HistoryApp.jsx" path="/Users/vickie/Documents/Github/FEC/ratings_history_module/history/client/src/components/HistoryApp.jsx">
      <metrics statements="16" coveredstatements="11" conditionals="2" coveredconditionals="1" methods="9" coveredmethods="5"/>
      <line num="8" count="2" type="stmt"/>
      <line num="9" count="2" type="stmt"/>
      <line num="52" count="2" type="stmt"/>
      <line num="56" count="2" type="stmt"/>
      <line num="60" count="2" type="stmt"/>
      <line num="61" count="2" type="cond" truecount="1" falsecount="1"/>
      <line num="62" count="2" type="stmt"/>
      <line num="63" count="0" type="stmt"/>
      <line num="65" count="0" type="stmt"/>
      <line num="70" count="0" type="stmt"/>
      <line num="71" count="0" type="stmt"/>
      <line num="73" count="0" type="stmt"/>
      <line num="81" count="2" type="stmt"/>
      <line num="82" count="2" type="stmt"/>
      <line num="85" count="6" type="stmt"/>
      <line num="91" count="1" type="stmt"/>
    </file>
    <file name="Purchase.jsx" path="/Users/vickie/Documents/Github/FEC/ratings_history_module/history/client/src/components/Purchase.jsx">
      <metrics statements="32" coveredstatements="25" conditionals="28" coveredconditionals="10" methods="16" coveredmethods="10"/>
      <line num="8" count="2" type="stmt"/>
      <line num="9" count="2" type="stmt"/>
      <line num="10" count="2" type="stmt"/>
      <line num="13" count="2" type="stmt"/>
      <line num="17" count="0" type="stmt"/>
      <line num="18" count="0" type="stmt"/>
      <line num="24" count="2" type="stmt"/>
      <line num="25" count="2" type="stmt"/>
      <line num="26" count="2" type="stmt"/>
      <line num="27" count="2" type="stmt"/>
      <line num="29" count="2" type="cond" truecount="1" falsecount="1"/>
      <line num="30" count="2" type="stmt"/>
      <line num="31" count="0" type="stmt"/>
      <line num="45" count="0" type="stmt"/>
      <line num="46" count="0" type="stmt"/>
      <line num="105" count="1" type="stmt"/>
      <line num="112" count="1" type="stmt"/>
      <line num="123" count="1" type="stmt"/>
      <line num="145" count="1" type="stmt"/>
      <line num="149" count="1" type="cond" truecount="1" falsecount="1"/>
      <line num="150" count="1" type="cond" truecount="1" falsecount="1"/>
      <line num="151" count="1" type="cond" truecount="1" falsecount="1"/>
      <line num="152" count="1" type="cond" truecount="1" falsecount="1"/>
      <line num="157" count="1" type="cond" truecount="1" falsecount="1"/>
      <line num="158" count="1" type="cond" truecount="1" falsecount="1"/>
      <line num="159" count="1" type="cond" truecount="1" falsecount="1"/>
      <line num="165" count="1" type="cond" truecount="1" falsecount="1"/>
      <line num="185" count="1" type="stmt"/>
      <line num="198" count="1" type="stmt"/>
      <line num="199" count="0" type="cond" truecount="0" falsecount="2"/>
      <line num="203" count="0" type="cond" truecount="0" falsecount="2"/>
      <line num="215" count="1" type="stmt"/>
    </file>
  </project>
</coverage>
