{"/Users/vickie/Documents/Github/FEC/ratings_history_module/history/client/src/components/App.jsx": {"path":"/Users/vickie/Documents/Github/FEC/ratings_history_module/history/client/src/components/App.jsx","statementMap":{"0":{"start":{"line":5,"column":19},"end":{"line":9,"column":1}},"1":{"start":{"line":6,"column":2},"end":{"line":8,"column":12}},"2":{"start":{"line":11,"column":16},"end":{"line":40,"column":1}}},"fnMap":{"0":{"name":"(anonymous_0)","decl":{"start":{"line":5,"column":19},"end":{"line":5,"column":20}},"loc":{"start":{"line":6,"column":2},"end":{"line":8,"column":12}},"line":6}},"branchMap":{},"s":{"0":1,"1":2,"2":1},"f":{"0":2},"b":{},"_coverageSchema":"43e27e138ebf9cfc5966b082cf9a028302ed4184","hash":"d67156dd11c423560438cbc582bc4051943a4f8b"}
,"/Users/vickie/Documents/Github/FEC/ratings_history_module/history/client/src/components/HistoryApp.jsx": {"path":"/Users/vickie/Documents/Github/FEC/ratings_history_module/history/client/src/components/HistoryApp.jsx","statementMap":{"0":{"start":{"line":8,"column":4},"end":{"line":8,"column":12}},"1":{"start":{"line":9,"column":4},"end":{"line":51,"column":6}},"2":{"start":{"line":52,"column":4},"end":{"line":52,"column":59}},"3":{"start":{"line":56,"column":4},"end":{"line":56,"column":27}},"4":{"start":{"line":60,"column":20},"end":{"line":60,"column":58}},"5":{"start":{"line":61,"column":4},"end":{"line":77,"column":5}},"6":{"start":{"line":62,"column":6},"end":{"line":68,"column":9}},"7":{"start":{"line":63,"column":19},"end":{"line":63,"column":27}},"8":{"start":{"line":65,"column":8},"end":{"line":67,"column":11}},"9":{"start":{"line":70,"column":6},"end":{"line":76,"column":11}},"10":{"start":{"line":71,"column":21},"end":{"line":71,"column":29}},"11":{"start":{"line":73,"column":10},"end":{"line":75,"column":13}},"12":{"start":{"line":81,"column":26},"end":{"line":81,"column":36}},"13":{"start":{"line":82,"column":4},"end":{"line":87,"column":6}},"14":{"start":{"line":85,"column":31},"end":{"line":85,"column":82}},"15":{"start":{"line":91,"column":21},"end":{"line":101,"column":1}}},"fnMap":{"0":{"name":"(anonymous_0)","decl":{"start":{"line":7,"column":2},"end":{"line":7,"column":3}},"loc":{"start":{"line":7,"column":16},"end":{"line":53,"column":3}},"line":7},"1":{"name":"(anonymous_1)","decl":{"start":{"line":55,"column":2},"end":{"line":55,"column":3}},"loc":{"start":{"line":55,"column":22},"end":{"line":57,"column":3}},"line":55},"2":{"name":"(anonymous_2)","decl":{"start":{"line":59,"column":2},"end":{"line":59,"column":3}},"loc":{"start":{"line":59,"column":20},"end":{"line":78,"column":3}},"line":59},"3":{"name":"(anonymous_3)","decl":{"start":{"line":63,"column":12},"end":{"line":63,"column":13}},"loc":{"start":{"line":63,"column":19},"end":{"line":63,"column":27}},"line":63},"4":{"name":"(anonymous_4)","decl":{"start":{"line":64,"column":12},"end":{"line":64,"column":13}},"loc":{"start":{"line":64,"column":24},"end":{"line":68,"column":7}},"line":64},"5":{"name":"(anonymous_5)","decl":{"start":{"line":71,"column":14},"end":{"line":71,"column":15}},"loc":{"start":{"line":71,"column":21},"end":{"line":71,"column":29}},"line":71},"6":{"name":"(anonymous_6)","decl":{"start":{"line":72,"column":14},"end":{"line":72,"column":15}},"loc":{"start":{"line":72,"column":26},"end":{"line":76,"column":9}},"line":72},"7":{"name":"(anonymous_7)","decl":{"start":{"line":80,"column":2},"end":{"line":80,"column":3}},"loc":{"start":{"line":80,"column":11},"end":{"line":88,"column":3}},"line":80},"8":{"name":"(anonymous_8)","decl":{"start":{"line":85,"column":23},"end":{"line":85,"column":24}},"loc":{"start":{"line":85,"column":31},"end":{"line":85,"column":82}},"line":85}},"branchMap":{"0":{"loc":{"start":{"line":61,"column":4},"end":{"line":77,"column":5}},"type":"if","locations":[{"start":{"line":61,"column":4},"end":{"line":77,"column":5}},{"start":{"line":61,"column":4},"end":{"line":77,"column":5}}],"line":61}},"s":{"0":2,"1":2,"2":2,"3":2,"4":2,"5":2,"6":2,"7":0,"8":0,"9":0,"10":0,"11":0,"12":2,"13":2,"14":6,"15":1},"f":{"0":2,"1":2,"2":2,"3":0,"4":0,"5":0,"6":0,"7":2,"8":6},"b":{"0":[2,0]},"_coverageSchema":"43e27e138ebf9cfc5966b082cf9a028302ed4184","hash":"261574739a21d598bd7cd24cd585a5891382f759"}
,"/Users/vickie/Documents/Github/FEC/ratings_history_module/history/client/src/components/Purchase.jsx": {"path":"/Users/vickie/Documents/Github/FEC/ratings_history_module/history/client/src/components/Purchase.jsx","statementMap":{"0":{"start":{"line":8,"column":4},"end":{"line":8,"column":17}},"1":{"start":{"line":9,"column":4},"end":{"line":9,"column":29}},"2":{"start":{"line":10,"column":4},"end":{"line":12,"column":6}},"3":{"start":{"line":13,"column":4},"end":{"line":13,"column":57}},"4":{"start":{"line":17,"column":4},"end":{"line":17,"column":23}},"5":{"start":{"line":18,"column":4},"end":{"line":20,"column":8}},"6":{"start":{"line":18,"column":32},"end":{"line":20,"column":5}},"7":{"start":{"line":24,"column":25},"end":{"line":24,"column":35}},"8":{"start":{"line":25,"column":128},"end":{"line":25,"column":136}},"9":{"start":{"line":26,"column":23},"end":{"line":26,"column":43}},"10":{"start":{"line":27,"column":23},"end":{"line":27,"column":40}},"11":{"start":{"line":29,"column":4},"end":{"line":44,"column":5}},"12":{"start":{"line":30,"column":6},"end":{"line":43,"column":8}},"13":{"start":{"line":31,"column":70},"end":{"line":31,"column":92}},"14":{"start":{"line":45,"column":4},"end":{"line":101,"column":6}},"15":{"start":{"line":46,"column":68},"end":{"line":46,"column":90}},"16":{"start":{"line":105,"column":19},"end":{"line":110,"column":1}},"17":{"start":{"line":112,"column":16},"end":{"line":121,"column":1}},"18":{"start":{"line":123,"column":16},"end":{"line":143,"column":1}},"19":{"start":{"line":145,"column":24},"end":{"line":183,"column":1}},"20":{"start":{"line":149,"column":29},"end":{"line":149,"column":121}},"21":{"start":{"line":150,"column":27},"end":{"line":150,"column":119}},"22":{"start":{"line":151,"column":28},"end":{"line":151,"column":120}},"23":{"start":{"line":152,"column":29},"end":{"line":152,"column":70}},"24":{"start":{"line":157,"column":26},"end":{"line":157,"column":130}},"25":{"start":{"line":158,"column":29},"end":{"line":158,"column":68}},"26":{"start":{"line":159,"column":26},"end":{"line":159,"column":62}},"27":{"start":{"line":165,"column":31},"end":{"line":165,"column":123}},"28":{"start":{"line":185,"column":13},"end":{"line":196,"column":1}},"29":{"start":{"line":198,"column":19},"end":{"line":213,"column":1}},"30":{"start":{"line":199,"column":21},"end":{"line":201,"column":15}},"31":{"start":{"line":203,"column":23},"end":{"line":205,"column":15}},"32":{"start":{"line":215,"column":0},"end":{"line":217,"column":2}}},"fnMap":{"0":{"name":"(anonymous_0)","decl":{"start":{"line":7,"column":2},"end":{"line":7,"column":3}},"loc":{"start":{"line":7,"column":21},"end":{"line":14,"column":3}},"line":7},"1":{"name":"(anonymous_1)","decl":{"start":{"line":16,"column":2},"end":{"line":16,"column":3}},"loc":{"start":{"line":16,"column":20},"end":{"line":21,"column":3}},"line":16},"2":{"name":"(anonymous_2)","decl":{"start":{"line":18,"column":18},"end":{"line":18,"column":19}},"loc":{"start":{"line":18,"column":32},"end":{"line":20,"column":5}},"line":18},"3":{"name":"(anonymous_3)","decl":{"start":{"line":23,"column":2},"end":{"line":23,"column":3}},"loc":{"start":{"line":23,"column":11},"end":{"line":102,"column":3}},"line":23},"4":{"name":"(anonymous_4)","decl":{"start":{"line":31,"column":65},"end":{"line":31,"column":66}},"loc":{"start":{"line":31,"column":70},"end":{"line":31,"column":92}},"line":31},"5":{"name":"(anonymous_5)","decl":{"start":{"line":46,"column":63},"end":{"line":46,"column":64}},"loc":{"start":{"line":46,"column":68},"end":{"line":46,"column":90}},"line":46},"6":{"name":"(anonymous_6)","decl":{"start":{"line":149,"column":19},"end":{"line":149,"column":20}},"loc":{"start":{"line":149,"column":29},"end":{"line":149,"column":121}},"line":149},"7":{"name":"(anonymous_7)","decl":{"start":{"line":150,"column":17},"end":{"line":150,"column":18}},"loc":{"start":{"line":150,"column":27},"end":{"line":150,"column":119}},"line":150},"8":{"name":"(anonymous_8)","decl":{"start":{"line":151,"column":18},"end":{"line":151,"column":19}},"loc":{"start":{"line":151,"column":28},"end":{"line":151,"column":120}},"line":151},"9":{"name":"(anonymous_9)","decl":{"start":{"line":152,"column":19},"end":{"line":152,"column":20}},"loc":{"start":{"line":152,"column":29},"end":{"line":152,"column":70}},"line":152},"10":{"name":"(anonymous_10)","decl":{"start":{"line":157,"column":16},"end":{"line":157,"column":17}},"loc":{"start":{"line":157,"column":26},"end":{"line":157,"column":130}},"line":157},"11":{"name":"(anonymous_11)","decl":{"start":{"line":158,"column":19},"end":{"line":158,"column":20}},"loc":{"start":{"line":158,"column":29},"end":{"line":158,"column":68}},"line":158},"12":{"name":"(anonymous_12)","decl":{"start":{"line":159,"column":16},"end":{"line":159,"column":17}},"loc":{"start":{"line":159,"column":26},"end":{"line":159,"column":62}},"line":159},"13":{"name":"(anonymous_13)","decl":{"start":{"line":165,"column":21},"end":{"line":165,"column":22}},"loc":{"start":{"line":165,"column":31},"end":{"line":165,"column":123}},"line":165},"14":{"name":"(anonymous_14)","decl":{"start":{"line":199,"column":11},"end":{"line":199,"column":12}},"loc":{"start":{"line":199,"column":21},"end":{"line":201,"column":15}},"line":199},"15":{"name":"(anonymous_15)","decl":{"start":{"line":203,"column":13},"end":{"line":203,"column":14}},"loc":{"start":{"line":203,"column":23},"end":{"line":205,"column":15}},"line":203}},"branchMap":{"0":{"loc":{"start":{"line":29,"column":4},"end":{"line":44,"column":5}},"type":"if","locations":[{"start":{"line":29,"column":4},"end":{"line":44,"column":5}},{"start":{"line":29,"column":4},"end":{"line":44,"column":5}}],"line":29},"1":{"loc":{"start":{"line":39,"column":38},"end":{"line":39,"column":85}},"type":"cond-expr","locations":[{"start":{"line":39,"column":67},"end":{"line":39,"column":74}},{"start":{"line":39,"column":77},"end":{"line":39,"column":85}}],"line":39},"2":{"loc":{"start":{"line":54,"column":36},"end":{"line":54,"column":83}},"type":"cond-expr","locations":[{"start":{"line":54,"column":65},"end":{"line":54,"column":72}},{"start":{"line":54,"column":75},"end":{"line":54,"column":83}}],"line":54},"3":{"loc":{"start":{"line":89,"column":59},"end":{"line":89,"column":106}},"type":"cond-expr","locations":[{"start":{"line":89,"column":88},"end":{"line":89,"column":95}},{"start":{"line":89,"column":98},"end":{"line":89,"column":106}}],"line":89},"4":{"loc":{"start":{"line":149,"column":29},"end":{"line":149,"column":121}},"type":"cond-expr","locations":[{"start":{"line":149,"column":56},"end":{"line":149,"column":87}},{"start":{"line":149,"column":90},"end":{"line":149,"column":121}}],"line":149},"5":{"loc":{"start":{"line":150,"column":27},"end":{"line":150,"column":119}},"type":"cond-expr","locations":[{"start":{"line":150,"column":54},"end":{"line":150,"column":85}},{"start":{"line":150,"column":88},"end":{"line":150,"column":119}}],"line":150},"6":{"loc":{"start":{"line":151,"column":28},"end":{"line":151,"column":120}},"type":"cond-expr","locations":[{"start":{"line":151,"column":55},"end":{"line":151,"column":86}},{"start":{"line":151,"column":89},"end":{"line":151,"column":120}}],"line":151},"7":{"loc":{"start":{"line":152,"column":29},"end":{"line":152,"column":70}},"type":"cond-expr","locations":[{"start":{"line":152,"column":56},"end":{"line":152,"column":62}},{"start":{"line":152,"column":65},"end":{"line":152,"column":70}}],"line":152},"8":{"loc":{"start":{"line":157,"column":26},"end":{"line":157,"column":130}},"type":"cond-expr","locations":[{"start":{"line":157,"column":53},"end":{"line":157,"column":59}},{"start":{"line":157,"column":62},"end":{"line":157,"column":130}}],"line":157},"9":{"loc":{"start":{"line":158,"column":29},"end":{"line":158,"column":68}},"type":"cond-expr","locations":[{"start":{"line":158,"column":56},"end":{"line":158,"column":59}},{"start":{"line":158,"column":62},"end":{"line":158,"column":68}}],"line":158},"10":{"loc":{"start":{"line":159,"column":26},"end":{"line":159,"column":62}},"type":"cond-expr","locations":[{"start":{"line":159,"column":53},"end":{"line":159,"column":56}},{"start":{"line":159,"column":59},"end":{"line":159,"column":62}}],"line":159},"11":{"loc":{"start":{"line":165,"column":31},"end":{"line":165,"column":123}},"type":"cond-expr","locations":[{"start":{"line":165,"column":58},"end":{"line":165,"column":89}},{"start":{"line":165,"column":92},"end":{"line":165,"column":123}}],"line":165},"12":{"loc":{"start":{"line":199,"column":21},"end":{"line":201,"column":15}},"type":"cond-expr","locations":[{"start":{"line":200,"column":6},"end":{"line":200,"column":15}},{"start":{"line":201,"column":6},"end":{"line":201,"column":15}}],"line":199},"13":{"loc":{"start":{"line":203,"column":23},"end":{"line":205,"column":15}},"type":"cond-expr","locations":[{"start":{"line":204,"column":6},"end":{"line":204,"column":15}},{"start":{"line":205,"column":6},"end":{"line":205,"column":15}}],"line":203}},"s":{"0":2,"1":2,"2":2,"3":2,"4":0,"5":0,"6":0,"7":2,"8":2,"9":2,"10":2,"11":2,"12":2,"13":0,"14":0,"15":0,"16":1,"17":1,"18":1,"19":1,"20":1,"21":1,"22":1,"23":1,"24":1,"25":1,"26":1,"27":1,"28":1,"29":1,"30":0,"31":0,"32":1},"f":{"0":2,"1":0,"2":0,"3":2,"4":0,"5":0,"6":1,"7":1,"8":1,"9":1,"10":1,"11":1,"12":1,"13":1,"14":0,"15":0},"b":{"0":[2,0],"1":[0,2],"2":[0,0],"3":[0,0],"4":[1,0],"5":[1,0],"6":[1,0],"7":[1,0],"8":[1,0],"9":[1,0],"10":[1,0],"11":[1,0],"12":[0,0],"13":[0,0]},"_coverageSchema":"43e27e138ebf9cfc5966b082cf9a028302ed4184","hash":"12c888e4ae92839e5b687d8047f93295c014a84d"}
}
