{"/Users/vickie/Documents/Github/FEC/ratings_history_module/history/controller.js": {"path":"/Users/vickie/Documents/Github/FEC/ratings_history_module/history/controller.js","statementMap":{"0":{"start":{"line":1,"column":28},"end":{"line":1,"column":46}},"1":{"start":{"line":3,"column":0},"end":{"line":3,"column":66}},"2":{"start":{"line":3,"column":41},"end":{"line":3,"column":65}}},"fnMap":{"0":{"name":"(anonymous_0)","decl":{"start":{"line":3,"column":30},"end":{"line":3,"column":31}},"loc":{"start":{"line":3,"column":41},"end":{"line":3,"column":65}},"line":3}},"branchMap":{},"s":{"0":1,"1":1,"2":6},"f":{"0":6},"b":{},"_coverageSchema":"43e27e138ebf9cfc5966b082cf9a028302ed4184","hash":"999ad3b74a76e8c597435db4e72ab25d40f9d226"}
,"/Users/vickie/Documents/Github/FEC/ratings_history_module/history/client/src/components/App.jsx": {"path":"/Users/vickie/Documents/Github/FEC/ratings_history_module/history/client/src/components/App.jsx","statementMap":{"0":{"start":{"line":5,"column":19},"end":{"line":9,"column":1}},"1":{"start":{"line":6,"column":2},"end":{"line":8,"column":12}},"2":{"start":{"line":11,"column":16},"end":{"line":40,"column":1}}},"fnMap":{"0":{"name":"(anonymous_0)","decl":{"start":{"line":5,"column":19},"end":{"line":5,"column":20}},"loc":{"start":{"line":6,"column":2},"end":{"line":8,"column":12}},"line":6}},"branchMap":{},"s":{"0":1,"1":2,"2":1},"f":{"0":2},"b":{},"_coverageSchema":"43e27e138ebf9cfc5966b082cf9a028302ed4184","hash":"d67156dd11c423560438cbc582bc4051943a4f8b"}
,"/Users/vickie/Documents/Github/FEC/ratings_history_module/history/client/src/components/HistoryApp.jsx": {"path":"/Users/vickie/Documents/Github/FEC/ratings_history_module/history/client/src/components/HistoryApp.jsx","statementMap":{"0":{"start":{"line":8,"column":4},"end":{"line":8,"column":12}},"1":{"start":{"line":9,"column":4},"end":{"line":51,"column":6}},"2":{"start":{"line":52,"column":4},"end":{"line":52,"column":59}},"3":{"start":{"line":53,"column":4},"end":{"line":53,"column":43}},"4":{"start":{"line":57,"column":4},"end":{"line":57,"column":27}},"5":{"start":{"line":61,"column":20},"end":{"line":61,"column":58}},"6":{"start":{"line":62,"column":4},"end":{"line":74,"column":5}},"7":{"start":{"line":63,"column":6},"end":{"line":67,"column":11}},"8":{"start":{"line":64,"column":21},"end":{"line":64,"column":29}},"9":{"start":{"line":66,"column":10},"end":{"line":66,"column":31}},"10":{"start":{"line":69,"column":6},"end":{"line":73,"column":11}},"11":{"start":{"line":70,"column":21},"end":{"line":70,"column":29}},"12":{"start":{"line":72,"column":10},"end":{"line":72,"column":31}},"13":{"start":{"line":78,"column":4},"end":{"line":80,"column":7}},"14":{"start":{"line":84,"column":26},"end":{"line":84,"column":36}},"15":{"start":{"line":85,"column":4},"end":{"line":90,"column":6}},"16":{"start":{"line":88,"column":31},"end":{"line":88,"column":82}},"17":{"start":{"line":94,"column":21},"end":{"line":104,"column":1}}},"fnMap":{"0":{"name":"(anonymous_0)","decl":{"start":{"line":7,"column":2},"end":{"line":7,"column":3}},"loc":{"start":{"line":7,"column":16},"end":{"line":54,"column":3}},"line":7},"1":{"name":"(anonymous_1)","decl":{"start":{"line":56,"column":2},"end":{"line":56,"column":3}},"loc":{"start":{"line":56,"column":22},"end":{"line":58,"column":3}},"line":56},"2":{"name":"(anonymous_2)","decl":{"start":{"line":60,"column":2},"end":{"line":60,"column":3}},"loc":{"start":{"line":60,"column":20},"end":{"line":75,"column":3}},"line":60},"3":{"name":"(anonymous_3)","decl":{"start":{"line":64,"column":14},"end":{"line":64,"column":15}},"loc":{"start":{"line":64,"column":21},"end":{"line":64,"column":29}},"line":64},"4":{"name":"(anonymous_4)","decl":{"start":{"line":65,"column":14},"end":{"line":65,"column":15}},"loc":{"start":{"line":65,"column":26},"end":{"line":67,"column":9}},"line":65},"5":{"name":"(anonymous_5)","decl":{"start":{"line":70,"column":14},"end":{"line":70,"column":15}},"loc":{"start":{"line":70,"column":21},"end":{"line":70,"column":29}},"line":70},"6":{"name":"(anonymous_6)","decl":{"start":{"line":71,"column":14},"end":{"line":71,"column":15}},"loc":{"start":{"line":71,"column":26},"end":{"line":73,"column":9}},"line":71},"7":{"name":"(anonymous_7)","decl":{"start":{"line":77,"column":2},"end":{"line":77,"column":3}},"loc":{"start":{"line":77,"column":18},"end":{"line":81,"column":3}},"line":77},"8":{"name":"(anonymous_8)","decl":{"start":{"line":83,"column":2},"end":{"line":83,"column":3}},"loc":{"start":{"line":83,"column":11},"end":{"line":91,"column":3}},"line":83},"9":{"name":"(anonymous_9)","decl":{"start":{"line":88,"column":23},"end":{"line":88,"column":24}},"loc":{"start":{"line":88,"column":31},"end":{"line":88,"column":82}},"line":88}},"branchMap":{"0":{"loc":{"start":{"line":62,"column":4},"end":{"line":74,"column":5}},"type":"if","locations":[{"start":{"line":62,"column":4},"end":{"line":74,"column":5}},{"start":{"line":62,"column":4},"end":{"line":74,"column":5}}],"line":62}},"s":{"0":3,"1":3,"2":3,"3":3,"4":3,"5":3,"6":3,"7":3,"8":0,"9":0,"10":0,"11":0,"12":0,"13":0,"14":5,"15":5,"16":15,"17":1},"f":{"0":3,"1":3,"2":3,"3":0,"4":0,"5":0,"6":0,"7":0,"8":5,"9":15},"b":{"0":[3,0]},"_coverageSchema":"43e27e138ebf9cfc5966b082cf9a028302ed4184","hash":"9f0d7cc78e849506b3c68007f0528fffb365134c"}
,"/Users/vickie/Documents/Github/FEC/ratings_history_module/history/client/src/components/Purchase.jsx": {"path":"/Users/vickie/Documents/Github/FEC/ratings_history_module/history/client/src/components/Purchase.jsx","statementMap":{"0":{"start":{"line":8,"column":4},"end":{"line":8,"column":17}},"1":{"start":{"line":9,"column":4},"end":{"line":9,"column":29}},"2":{"start":{"line":10,"column":4},"end":{"line":12,"column":6}},"3":{"start":{"line":13,"column":4},"end":{"line":13,"column":57}},"4":{"start":{"line":17,"column":4},"end":{"line":17,"column":23}},"5":{"start":{"line":18,"column":4},"end":{"line":20,"column":8}},"6":{"start":{"line":18,"column":32},"end":{"line":20,"column":5}},"7":{"start":{"line":24,"column":25},"end":{"line":24,"column":35}},"8":{"start":{"line":25,"column":25},"end":{"line":25,"column":35}},"9":{"start":{"line":36,"column":8},"end":{"line":36,"column":16}},"10":{"start":{"line":37,"column":23},"end":{"line":37,"column":43}},"11":{"start":{"line":38,"column":23},"end":{"line":38,"column":40}},"12":{"start":{"line":40,"column":4},"end":{"line":100,"column":6}},"13":{"start":{"line":41,"column":57},"end":{"line":41,"column":79}},"14":{"start":{"line":104,"column":19},"end":{"line":109,"column":1}},"15":{"start":{"line":111,"column":16},"end":{"line":120,"column":1}},"16":{"start":{"line":122,"column":16},"end":{"line":142,"column":1}},"17":{"start":{"line":144,"column":24},"end":{"line":182,"column":1}},"18":{"start":{"line":148,"column":29},"end":{"line":148,"column":121}},"19":{"start":{"line":149,"column":27},"end":{"line":149,"column":119}},"20":{"start":{"line":150,"column":28},"end":{"line":150,"column":120}},"21":{"start":{"line":151,"column":29},"end":{"line":151,"column":70}},"22":{"start":{"line":156,"column":26},"end":{"line":156,"column":130}},"23":{"start":{"line":157,"column":29},"end":{"line":157,"column":68}},"24":{"start":{"line":158,"column":26},"end":{"line":158,"column":62}},"25":{"start":{"line":164,"column":31},"end":{"line":164,"column":123}},"26":{"start":{"line":184,"column":13},"end":{"line":195,"column":1}},"27":{"start":{"line":197,"column":19},"end":{"line":212,"column":1}},"28":{"start":{"line":198,"column":21},"end":{"line":200,"column":15}},"29":{"start":{"line":202,"column":23},"end":{"line":204,"column":15}},"30":{"start":{"line":214,"column":0},"end":{"line":228,"column":2}}},"fnMap":{"0":{"name":"(anonymous_0)","decl":{"start":{"line":7,"column":2},"end":{"line":7,"column":3}},"loc":{"start":{"line":7,"column":21},"end":{"line":14,"column":3}},"line":7},"1":{"name":"(anonymous_1)","decl":{"start":{"line":16,"column":2},"end":{"line":16,"column":3}},"loc":{"start":{"line":16,"column":20},"end":{"line":21,"column":3}},"line":16},"2":{"name":"(anonymous_2)","decl":{"start":{"line":18,"column":18},"end":{"line":18,"column":19}},"loc":{"start":{"line":18,"column":32},"end":{"line":20,"column":5}},"line":18},"3":{"name":"(anonymous_3)","decl":{"start":{"line":23,"column":2},"end":{"line":23,"column":3}},"loc":{"start":{"line":23,"column":11},"end":{"line":101,"column":3}},"line":23},"4":{"name":"(anonymous_4)","decl":{"start":{"line":41,"column":52},"end":{"line":41,"column":53}},"loc":{"start":{"line":41,"column":57},"end":{"line":41,"column":79}},"line":41},"5":{"name":"(anonymous_5)","decl":{"start":{"line":148,"column":19},"end":{"line":148,"column":20}},"loc":{"start":{"line":148,"column":29},"end":{"line":148,"column":121}},"line":148},"6":{"name":"(anonymous_6)","decl":{"start":{"line":149,"column":17},"end":{"line":149,"column":18}},"loc":{"start":{"line":149,"column":27},"end":{"line":149,"column":119}},"line":149},"7":{"name":"(anonymous_7)","decl":{"start":{"line":150,"column":18},"end":{"line":150,"column":19}},"loc":{"start":{"line":150,"column":28},"end":{"line":150,"column":120}},"line":150},"8":{"name":"(anonymous_8)","decl":{"start":{"line":151,"column":19},"end":{"line":151,"column":20}},"loc":{"start":{"line":151,"column":29},"end":{"line":151,"column":70}},"line":151},"9":{"name":"(anonymous_9)","decl":{"start":{"line":156,"column":16},"end":{"line":156,"column":17}},"loc":{"start":{"line":156,"column":26},"end":{"line":156,"column":130}},"line":156},"10":{"name":"(anonymous_10)","decl":{"start":{"line":157,"column":19},"end":{"line":157,"column":20}},"loc":{"start":{"line":157,"column":29},"end":{"line":157,"column":68}},"line":157},"11":{"name":"(anonymous_11)","decl":{"start":{"line":158,"column":16},"end":{"line":158,"column":17}},"loc":{"start":{"line":158,"column":26},"end":{"line":158,"column":62}},"line":158},"12":{"name":"(anonymous_12)","decl":{"start":{"line":164,"column":21},"end":{"line":164,"column":22}},"loc":{"start":{"line":164,"column":31},"end":{"line":164,"column":123}},"line":164},"13":{"name":"(anonymous_13)","decl":{"start":{"line":198,"column":11},"end":{"line":198,"column":12}},"loc":{"start":{"line":198,"column":21},"end":{"line":200,"column":15}},"line":198},"14":{"name":"(anonymous_14)","decl":{"start":{"line":202,"column":13},"end":{"line":202,"column":14}},"loc":{"start":{"line":202,"column":23},"end":{"line":204,"column":15}},"line":202}},"branchMap":{"0":{"loc":{"start":{"line":49,"column":40},"end":{"line":49,"column":87}},"type":"cond-expr","locations":[{"start":{"line":49,"column":69},"end":{"line":49,"column":76}},{"start":{"line":49,"column":79},"end":{"line":49,"column":87}}],"line":49},"1":{"loc":{"start":{"line":53,"column":9},"end":{"line":97,"column":9}},"type":"binary-expr","locations":[{"start":{"line":53,"column":9},"end":{"line":53,"column":26}},{"start":{"line":54,"column":8},"end":{"line":96,"column":25}}],"line":53},"2":{"loc":{"start":{"line":86,"column":65},"end":{"line":86,"column":112}},"type":"cond-expr","locations":[{"start":{"line":86,"column":94},"end":{"line":86,"column":101}},{"start":{"line":86,"column":104},"end":{"line":86,"column":112}}],"line":86},"3":{"loc":{"start":{"line":148,"column":29},"end":{"line":148,"column":121}},"type":"cond-expr","locations":[{"start":{"line":148,"column":56},"end":{"line":148,"column":87}},{"start":{"line":148,"column":90},"end":{"line":148,"column":121}}],"line":148},"4":{"loc":{"start":{"line":149,"column":27},"end":{"line":149,"column":119}},"type":"cond-expr","locations":[{"start":{"line":149,"column":54},"end":{"line":149,"column":85}},{"start":{"line":149,"column":88},"end":{"line":149,"column":119}}],"line":149},"5":{"loc":{"start":{"line":150,"column":28},"end":{"line":150,"column":120}},"type":"cond-expr","locations":[{"start":{"line":150,"column":55},"end":{"line":150,"column":86}},{"start":{"line":150,"column":89},"end":{"line":150,"column":120}}],"line":150},"6":{"loc":{"start":{"line":151,"column":29},"end":{"line":151,"column":70}},"type":"cond-expr","locations":[{"start":{"line":151,"column":56},"end":{"line":151,"column":62}},{"start":{"line":151,"column":65},"end":{"line":151,"column":70}}],"line":151},"7":{"loc":{"start":{"line":156,"column":26},"end":{"line":156,"column":130}},"type":"cond-expr","locations":[{"start":{"line":156,"column":53},"end":{"line":156,"column":59}},{"start":{"line":156,"column":62},"end":{"line":156,"column":130}}],"line":156},"8":{"loc":{"start":{"line":157,"column":29},"end":{"line":157,"column":68}},"type":"cond-expr","locations":[{"start":{"line":157,"column":56},"end":{"line":157,"column":59}},{"start":{"line":157,"column":62},"end":{"line":157,"column":68}}],"line":157},"9":{"loc":{"start":{"line":158,"column":26},"end":{"line":158,"column":62}},"type":"cond-expr","locations":[{"start":{"line":158,"column":53},"end":{"line":158,"column":56}},{"start":{"line":158,"column":59},"end":{"line":158,"column":62}}],"line":158},"10":{"loc":{"start":{"line":164,"column":31},"end":{"line":164,"column":123}},"type":"cond-expr","locations":[{"start":{"line":164,"column":58},"end":{"line":164,"column":89}},{"start":{"line":164,"column":92},"end":{"line":164,"column":123}}],"line":164},"11":{"loc":{"start":{"line":198,"column":21},"end":{"line":200,"column":15}},"type":"cond-expr","locations":[{"start":{"line":199,"column":6},"end":{"line":199,"column":15}},{"start":{"line":200,"column":6},"end":{"line":200,"column":15}}],"line":198},"12":{"loc":{"start":{"line":202,"column":23},"end":{"line":204,"column":15}},"type":"cond-expr","locations":[{"start":{"line":203,"column":6},"end":{"line":203,"column":15}},{"start":{"line":204,"column":6},"end":{"line":204,"column":15}}],"line":202}},"s":{"0":3,"1":3,"2":3,"3":3,"4":0,"5":0,"6":0,"7":5,"8":5,"9":5,"10":5,"11":5,"12":5,"13":0,"14":1,"15":1,"16":1,"17":1,"18":1,"19":1,"20":1,"21":1,"22":1,"23":1,"24":1,"25":1,"26":1,"27":1,"28":0,"29":0,"30":1},"f":{"0":3,"1":0,"2":0,"3":5,"4":0,"5":1,"6":1,"7":1,"8":1,"9":1,"10":1,"11":1,"12":1,"13":0,"14":0},"b":{"0":[0,5],"1":[5,1],"2":[0,1],"3":[1,0],"4":[1,0],"5":[1,0],"6":[1,0],"7":[1,0],"8":[1,0],"9":[1,0],"10":[1,0],"11":[0,0],"12":[0,0]},"_coverageSchema":"43e27e138ebf9cfc5966b082cf9a028302ed4184","hash":"a07aa76388391aa8d031638221a7d80c17f2f0e3"}
,"/Users/vickie/Documents/Github/FEC/ratings_history_module/history/database-mongodb/Stock2.js": {"path":"/Users/vickie/Documents/Github/FEC/ratings_history_module/history/database-mongodb/Stock2.js","statementMap":{"0":{"start":{"line":1,"column":17},"end":{"line":1,"column":36}},"1":{"start":{"line":2,"column":11},"end":{"line":2,"column":32}},"2":{"start":{"line":4,"column":0},"end":{"line":4,"column":34}},"3":{"start":{"line":6,"column":23},"end":{"line":18,"column":2}},"4":{"start":{"line":20,"column":17},"end":{"line":20,"column":60}},"5":{"start":{"line":22,"column":0},"end":{"line":22,"column":26}}},"fnMap":{},"branchMap":{},"s":{"0":1,"1":1,"2":1,"3":1,"4":1,"5":1},"f":{},"b":{},"_coverageSchema":"43e27e138ebf9cfc5966b082cf9a028302ed4184","hash":"e234217c1172de444f45cf37113e1263a4e06dc1"}
,"/Users/vickie/Documents/Github/FEC/ratings_history_module/history/database-mongodb/index.js": {"path":"/Users/vickie/Documents/Github/FEC/ratings_history_module/history/database-mongodb/index.js","statementMap":{"0":{"start":{"line":1,"column":17},"end":{"line":1,"column":36}},"1":{"start":{"line":3,"column":15},"end":{"line":3,"column":64}},"2":{"start":{"line":4,"column":17},"end":{"line":4,"column":40}},"3":{"start":{"line":6,"column":0},"end":{"line":6,"column":54}},"4":{"start":{"line":7,"column":11},"end":{"line":7,"column":30}},"5":{"start":{"line":9,"column":0},"end":{"line":11,"column":3}},"6":{"start":{"line":10,"column":2},"end":{"line":10,"column":63}},"7":{"start":{"line":13,"column":0},"end":{"line":13,"column":20}}},"fnMap":{"0":{"name":"(anonymous_0)","decl":{"start":{"line":9,"column":16},"end":{"line":9,"column":17}},"loc":{"start":{"line":9,"column":22},"end":{"line":11,"column":1}},"line":9}},"branchMap":{"0":{"loc":{"start":{"line":3,"column":15},"end":{"line":3,"column":64}},"type":"binary-expr","locations":[{"start":{"line":3,"column":15},"end":{"line":3,"column":33}},{"start":{"line":3,"column":37},"end":{"line":3,"column":64}}],"line":3}},"s":{"0":1,"1":1,"2":1,"3":1,"4":1,"5":1,"6":1,"7":1},"f":{"0":1},"b":{"0":[1,1]},"_coverageSchema":"43e27e138ebf9cfc5966b082cf9a028302ed4184","hash":"dcfad9aa3a7742b10c02d947ccc21525b36b7e28"}
}
