TN:
SF:/Users/vickie/Documents/Github/FEC/ratings_history_module/history/controller.js
FN:3,(anonymous_0)
FNF:1
FNH:1
FNDA:6,(anonymous_0)
DA:1,1
DA:3,6
LF:2
LH:2
BRF:0
BRH:0
end_of_record
TN:
SF:/Users/vickie/Documents/Github/FEC/ratings_history_module/history/client/src/components/App.jsx
FN:5,(anonymous_0)
FNF:1
FNH:1
FNDA:2,(anonymous_0)
DA:5,1
DA:6,2
DA:11,1
LF:3
LH:3
BRF:0
BRH:0
end_of_record
TN:
SF:/Users/vickie/Documents/Github/FEC/ratings_history_module/history/client/src/components/HistoryApp.jsx
FN:7,(anonymous_0)
FN:56,(anonymous_1)
FN:60,(anonymous_2)
FN:64,(anonymous_3)
FN:65,(anonymous_4)
FN:70,(anonymous_5)
FN:71,(anonymous_6)
FN:77,(anonymous_7)
FN:83,(anonymous_8)
FN:88,(anonymous_9)
FNF:10
FNH:5
FNDA:3,(anonymous_0)
FNDA:3,(anonymous_1)
FNDA:3,(anonymous_2)
FNDA:0,(anonymous_3)
FNDA:0,(anonymous_4)
FNDA:0,(anonymous_5)
FNDA:0,(anonymous_6)
FNDA:0,(anonymous_7)
FNDA:5,(anonymous_8)
FNDA:15,(anonymous_9)
DA:8,3
DA:9,3
DA:52,3
DA:53,3
DA:57,3
DA:61,3
DA:62,3
DA:63,3
DA:64,0
DA:66,0
DA:69,0
DA:70,0
DA:72,0
DA:78,0
DA:84,5
DA:85,5
DA:88,15
DA:94,1
LF:18
LH:12
BRDA:62,0,0,3
BRDA:62,0,1,0
BRF:2
BRH:1
end_of_record
TN:
SF:/Users/vickie/Documents/Github/FEC/ratings_history_module/history/client/src/components/Purchase.jsx
FN:7,(anonymous_0)
FN:16,(anonymous_1)
FN:18,(anonymous_2)
FN:23,(anonymous_3)
FN:41,(anonymous_4)
FN:148,(anonymous_5)
FN:149,(anonymous_6)
FN:150,(anonymous_7)
FN:151,(anonymous_8)
FN:156,(anonymous_9)
FN:157,(anonymous_10)
FN:158,(anonymous_11)
FN:164,(anonymous_12)
FN:198,(anonymous_13)
FN:202,(anonymous_14)
FNF:15
FNH:10
FNDA:3,(anonymous_0)
FNDA:0,(anonymous_1)
FNDA:0,(anonymous_2)
FNDA:5,(anonymous_3)
FNDA:0,(anonymous_4)
FNDA:1,(anonymous_5)
FNDA:1,(anonymous_6)
FNDA:1,(anonymous_7)
FNDA:1,(anonymous_8)
FNDA:1,(anonymous_9)
FNDA:1,(anonymous_10)
FNDA:1,(anonymous_11)
FNDA:1,(anonymous_12)
FNDA:0,(anonymous_13)
FNDA:0,(anonymous_14)
DA:8,3
DA:9,3
DA:10,3
DA:13,3
DA:17,0
DA:18,0
DA:24,5
DA:25,5
DA:36,5
DA:37,5
DA:38,5
DA:40,5
DA:41,0
DA:104,1
DA:111,1
DA:122,1
DA:144,1
DA:148,1
DA:149,1
DA:150,1
DA:151,1
DA:156,1
DA:157,1
DA:158,1
DA:164,1
DA:184,1
DA:197,1
DA:198,0
DA:202,0
DA:214,1
LF:30
LH:25
BRDA:49,0,0,0
BRDA:49,0,1,5
BRDA:53,1,0,5
BRDA:53,1,1,1
BRDA:86,2,0,0
BRDA:86,2,1,1
BRDA:148,3,0,1
BRDA:148,3,1,0
BRDA:149,4,0,1
BRDA:149,4,1,0
BRDA:150,5,0,1
BRDA:150,5,1,0
BRDA:151,6,0,1
BRDA:151,6,1,0
BRDA:156,7,0,1
BRDA:156,7,1,0
BRDA:157,8,0,1
BRDA:157,8,1,0
BRDA:158,9,0,1
BRDA:158,9,1,0
BRDA:164,10,0,1
BRDA:164,10,1,0
BRDA:198,11,0,0
BRDA:198,11,1,0
BRDA:202,12,0,0
BRDA:202,12,1,0
BRF:26
BRH:12
end_of_record
TN:
SF:/Users/vickie/Documents/Github/FEC/ratings_history_module/history/database-mongodb/Stock2.js
FNF:0
FNH:0
DA:1,1
DA:2,1
DA:4,1
DA:6,1
DA:20,1
DA:22,1
LF:6
LH:6
BRF:0
BRH:0
end_of_record
TN:
SF:/Users/vickie/Documents/Github/FEC/ratings_history_module/history/database-mongodb/index.js
FN:9,(anonymous_0)
FNF:1
FNH:1
FNDA:1,(anonymous_0)
DA:1,1
DA:3,1
DA:4,1
DA:6,1
DA:7,1
DA:9,1
DA:10,1
DA:13,1
LF:8
LH:8
BRDA:3,0,0,1
BRDA:3,0,1,1
BRF:2
BRH:2
end_of_record
