TN:
SF:/Users/vickie/Documents/Github/FEC/ratings_history_module/history/client/src/components/App.jsx
FN:5,(anonymous_0)
FNF:1
FNH:1
FNDA:2,(anonymous_0)
DA:5,1
DA:6,2
DA:11,1
LF:3
LH:3
BRF:0
BRH:0
end_of_record
TN:
SF:/Users/vickie/Documents/Github/FEC/ratings_history_module/history/client/src/components/HistoryApp.jsx
FN:7,(anonymous_0)
FN:55,(anonymous_1)
FN:59,(anonymous_2)
FN:63,(anonymous_3)
FN:64,(anonymous_4)
FN:71,(anonymous_5)
FN:72,(anonymous_6)
FN:80,(anonymous_7)
FN:85,(anonymous_8)
FNF:9
FNH:5
FNDA:2,(anonymous_0)
FNDA:2,(anonymous_1)
FNDA:2,(anonymous_2)
FNDA:0,(anonymous_3)
FNDA:0,(anonymous_4)
FNDA:0,(anonymous_5)
FNDA:0,(anonymous_6)
FNDA:2,(anonymous_7)
FNDA:6,(anonymous_8)
DA:8,2
DA:9,2
DA:52,2
DA:56,2
DA:60,2
DA:61,2
DA:62,2
DA:63,0
DA:65,0
DA:70,0
DA:71,0
DA:73,0
DA:81,2
DA:82,2
DA:85,6
DA:91,1
LF:16
LH:11
BRDA:61,0,0,2
BRDA:61,0,1,0
BRF:2
BRH:1
end_of_record
TN:
SF:/Users/vickie/Documents/Github/FEC/ratings_history_module/history/client/src/components/Purchase.jsx
FN:7,(anonymous_0)
FN:16,(anonymous_1)
FN:18,(anonymous_2)
FN:23,(anonymous_3)
FN:32,(anonymous_4)
FN:47,(anonymous_5)
FN:150,(anonymous_6)
FN:151,(anonymous_7)
FN:152,(anonymous_8)
FN:153,(anonymous_9)
FN:158,(anonymous_10)
FN:159,(anonymous_11)
FN:160,(anonymous_12)
FN:166,(anonymous_13)
FN:200,(anonymous_14)
FN:204,(anonymous_15)
FNF:16
FNH:10
FNDA:2,(anonymous_0)
FNDA:0,(anonymous_1)
FNDA:0,(anonymous_2)
FNDA:2,(anonymous_3)
FNDA:0,(anonymous_4)
FNDA:0,(anonymous_5)
FNDA:1,(anonymous_6)
FNDA:1,(anonymous_7)
FNDA:1,(anonymous_8)
FNDA:1,(anonymous_9)
FNDA:1,(anonymous_10)
FNDA:1,(anonymous_11)
FNDA:1,(anonymous_12)
FNDA:1,(anonymous_13)
FNDA:0,(anonymous_14)
FNDA:0,(anonymous_15)
DA:8,2
DA:9,2
DA:10,2
DA:13,2
DA:17,0
DA:18,0
DA:24,2
DA:25,2
DA:26,2
DA:27,2
DA:28,2
DA:30,2
DA:31,2
DA:32,0
DA:46,0
DA:47,0
DA:106,1
DA:113,1
DA:124,1
DA:146,1
DA:150,1
DA:151,1
DA:152,1
DA:153,1
DA:158,1
DA:159,1
DA:160,1
DA:166,1
DA:186,1
DA:199,1
DA:200,0
DA:204,0
DA:216,1
LF:33
LH:26
BRDA:30,0,0,2
BRDA:30,0,1,0
BRDA:40,1,0,0
BRDA:40,1,1,2
BRDA:55,2,0,0
BRDA:55,2,1,0
BRDA:90,3,0,0
BRDA:90,3,1,0
BRDA:150,4,0,1
BRDA:150,4,1,0
BRDA:151,5,0,1
BRDA:151,5,1,0
BRDA:152,6,0,1
BRDA:152,6,1,0
BRDA:153,7,0,1
BRDA:153,7,1,0
BRDA:158,8,0,1
BRDA:158,8,1,0
BRDA:159,9,0,1
BRDA:159,9,1,0
BRDA:160,10,0,1
BRDA:160,10,1,0
BRDA:166,11,0,1
BRDA:166,11,1,0
BRDA:200,12,0,0
BRDA:200,12,1,0
BRDA:204,13,0,0
BRDA:204,13,1,0
BRF:28
BRH:10
end_of_record
