<?xml version="1.0" encoding="UTF-8"?>
<coverage generated="1555189728315" clover="3.2.0">
  <project timestamp="1555189728315" name="All files">
    <metrics statements="120" coveredstatements="102" conditionals="52" coveredconditionals="26" methods="51" coveredmethods="36" elements="223" coveredelements="164" complexity="0" loc="120" ncloc="120" packages="1" files="10" classes="10"/>
    <file name="Animation.jsx" path="/Users/vickie/Documents/Github/ratings_history_module/client/src/components/Animation.jsx">
      <metrics statements="0" coveredstatements="0" conditionals="0" coveredconditionals="0" methods="0" coveredmethods="0"/>
    </file>
    <file name="App.jsx" path="/Users/vickie/Documents/Github/ratings_history_module/client/src/components/App.jsx">
      <metrics statements="4" coveredstatements="4" conditionals="0" coveredconditionals="0" methods="1" coveredmethods="1"/>
      <line num="6" count="1" type="stmt"/>
      <line num="7" count="3" type="stmt"/>
      <line num="17" count="1" type="stmt"/>
      <line num="58" count="1" type="stmt"/>
    </file>
    <file name="DataBarChart.jsx" path="/Users/vickie/Documents/Github/ratings_history_module/client/src/components/DataBarChart.jsx">
      <metrics statements="3" coveredstatements="3" conditionals="0" coveredconditionals="0" methods="1" coveredmethods="1"/>
      <line num="6" count="2" type="stmt"/>
      <line num="7" count="6" type="stmt"/>
      <line num="14" count="2" type="stmt"/>
    </file>
    <file name="DataSpotlight.jsx" path="/Users/vickie/Documents/Github/ratings_history_module/client/src/components/DataSpotlight.jsx">
      <metrics statements="7" coveredstatements="7" conditionals="0" coveredconditionals="0" methods="1" coveredmethods="1"/>
      <line num="6" count="2" type="stmt"/>
      <line num="7" count="6" type="stmt"/>
      <line num="20" count="2" type="stmt"/>
      <line num="31" count="2" type="stmt"/>
      <line num="43" count="2" type="stmt"/>
      <line num="59" count="2" type="stmt"/>
      <line num="68" count="2" type="stmt"/>
    </file>
    <file name="HistoryApp.jsx" path="/Users/vickie/Documents/Github/ratings_history_module/client/src/components/HistoryApp.jsx">
      <metrics statements="12" coveredstatements="10" conditionals="0" coveredconditionals="0" methods="7" coveredmethods="5"/>
      <line num="8" count="9" type="stmt"/>
      <line num="9" count="9" type="stmt"/>
      <line num="52" count="9" type="stmt"/>
      <line num="56" count="9" type="stmt"/>
      <line num="60" count="9" type="stmt"/>
      <line num="61" count="9" type="stmt"/>
      <line num="62" count="0" type="stmt"/>
      <line num="64" count="0" type="stmt"/>
      <line num="71" count="9" type="stmt"/>
      <line num="72" count="9" type="stmt"/>
      <line num="75" count="27" type="stmt"/>
      <line num="81" count="2" type="stmt"/>
    </file>
    <file name="PercentProgress.jsx" path="/Users/vickie/Documents/Github/ratings_history_module/client/src/components/PercentProgress.jsx">
      <metrics statements="16" coveredstatements="16" conditionals="8" coveredconditionals="8" methods="8" coveredmethods="8"/>
      <line num="5" count="2" type="stmt"/>
      <line num="6" count="9" type="stmt"/>
      <line num="23" count="2" type="stmt"/>
      <line num="32" count="2" type="stmt"/>
      <line num="35" count="9" type="cond" truecount="2" falsecount="0"/>
      <line num="41" count="2" type="stmt"/>
      <line num="44" count="9" type="cond" truecount="2" falsecount="0"/>
      <line num="53" count="2" type="stmt"/>
      <line num="54" count="9" type="cond" truecount="2" falsecount="0"/>
      <line num="59" count="9" type="stmt"/>
      <line num="60" count="9" type="stmt"/>
      <line num="64" count="2" type="stmt"/>
      <line num="66" count="9" type="stmt"/>
      <line num="69" count="9" type="cond" truecount="2" falsecount="0"/>
      <line num="77" count="2" type="stmt"/>
      <line num="82" count="2" type="stmt"/>
    </file>
    <file name="Purchase.jsx" path="/Users/vickie/Documents/Github/ratings_history_module/client/src/components/Purchase.jsx">
      <metrics statements="32" coveredstatements="25" conditionals="28" coveredconditionals="11" methods="16" coveredmethods="10"/>
      <line num="8" count="15" type="stmt"/>
      <line num="9" count="15" type="stmt"/>
      <line num="10" count="15" type="stmt"/>
      <line num="13" count="15" type="stmt"/>
      <line num="17" count="0" type="stmt"/>
      <line num="18" count="0" type="stmt"/>
      <line num="24" count="15" type="stmt"/>
      <line num="25" count="15" type="stmt"/>
      <line num="26" count="15" type="stmt"/>
      <line num="27" count="15" type="stmt"/>
      <line num="29" count="15" type="cond" truecount="1" falsecount="1"/>
      <line num="30" count="15" type="stmt"/>
      <line num="31" count="0" type="stmt"/>
      <line num="45" count="0" type="stmt"/>
      <line num="46" count="0" type="stmt"/>
      <line num="105" count="2" type="stmt"/>
      <line num="112" count="2" type="stmt"/>
      <line num="123" count="2" type="stmt"/>
      <line num="145" count="2" type="stmt"/>
      <line num="149" count="9" type="cond" truecount="1" falsecount="1"/>
      <line num="150" count="9" type="cond" truecount="1" falsecount="1"/>
      <line num="151" count="9" type="cond" truecount="1" falsecount="1"/>
      <line num="152" count="9" type="cond" truecount="1" falsecount="1"/>
      <line num="157" count="9" type="cond" truecount="1" falsecount="1"/>
      <line num="158" count="9" type="cond" truecount="1" falsecount="1"/>
      <line num="159" count="9" type="cond" truecount="1" falsecount="1"/>
      <line num="165" count="9" type="cond" truecount="1" falsecount="1"/>
      <line num="185" count="2" type="stmt"/>
      <line num="198" count="2" type="stmt"/>
      <line num="199" count="0" type="cond" truecount="0" falsecount="2"/>
      <line num="203" count="0" type="cond" truecount="0" falsecount="2"/>
      <line num="215" count="2" type="stmt"/>
    </file>
    <file name="RatingsApp.jsx" path="/Users/vickie/Documents/Github/ratings_history_module/client/src/components/RatingsApp.jsx">
      <metrics statements="17" coveredstatements="13" conditionals="4" coveredconditionals="2" methods="7" coveredmethods="4"/>
      <line num="10" count="9" type="stmt"/>
      <line num="11" count="9" type="stmt"/>
      <line num="22" count="9" type="cond" truecount="1" falsecount="1"/>
      <line num="23" count="9" type="stmt"/>
      <line num="27" count="9" type="stmt"/>
      <line num="31" count="9" type="stmt"/>
      <line num="32" count="9" type="cond" truecount="1" falsecount="1"/>
      <line num="33" count="9" type="stmt"/>
      <line num="35" count="0" type="stmt"/>
      <line num="36" count="0" type="stmt"/>
      <line num="38" count="0" type="stmt"/>
      <line num="40" count="0" type="stmt"/>
      <line num="46" count="9" type="stmt"/>
      <line num="63" count="2" type="stmt"/>
      <line num="70" count="2" type="stmt"/>
      <line num="75" count="2" type="stmt"/>
      <line num="81" count="2" type="stmt"/>
    </file>
    <file name="Review.jsx" path="/Users/vickie/Documents/Github/ratings_history_module/client/src/components/Review.jsx">
      <metrics statements="25" coveredstatements="20" conditionals="12" coveredconditionals="5" methods="9" coveredmethods="5"/>
      <line num="8" count="6" type="stmt"/>
      <line num="9" count="6" type="stmt"/>
      <line num="12" count="6" type="stmt"/>
      <line num="13" count="6" type="stmt"/>
      <line num="14" count="6" type="stmt"/>
      <line num="18" count="0" type="stmt"/>
      <line num="19" count="0" type="stmt"/>
      <line num="25" count="6" type="cond" truecount="1" falsecount="1"/>
      <line num="26" count="0" type="stmt"/>
      <line num="50" count="0" type="cond" truecount="0" falsecount="2"/>
      <line num="58" count="6" type="stmt"/>
      <line num="74" count="0" type="cond" truecount="1" falsecount="1"/>
      <line num="84" count="2" type="stmt"/>
      <line num="87" count="2" type="stmt"/>
      <line num="91" count="2" type="stmt"/>
      <line num="101" count="2" type="stmt"/>
      <line num="108" count="2" type="stmt"/>
      <line num="112" count="2" type="stmt"/>
      <line num="122" count="6" type="cond" truecount="1" falsecount="1"/>
      <line num="143" count="2" type="stmt"/>
      <line num="145" count="6" type="cond" truecount="1" falsecount="1"/>
      <line num="149" count="6" type="cond" truecount="1" falsecount="1"/>
      <line num="156" count="2" type="stmt"/>
      <line num="171" count="2" type="stmt"/>
      <line num="178" count="2" type="stmt"/>
    </file>
    <file name="ReviewList.jsx" path="/Users/vickie/Documents/Github/ratings_history_module/client/src/components/ReviewList.jsx">
      <metrics statements="4" coveredstatements="4" conditionals="0" coveredconditionals="0" methods="1" coveredmethods="1"/>
      <line num="6" count="2" type="stmt"/>
      <line num="7" count="6" type="stmt"/>
      <line num="13" count="2" type="stmt"/>
      <line num="21" count="2" type="stmt"/>
    </file>
  </project>
</coverage>
