{"/Users/vickie/Documents/Github/ratings_history_module/client/src/components/Animation.jsx": {"path":"/Users/vickie/Documents/Github/ratings_history_module/client/src/components/Animation.jsx","statementMap":{},"fnMap":{},"branchMap":{},"s":{},"f":{},"b":{}}
,"/Users/vickie/Documents/Github/ratings_history_module/client/src/components/App.jsx": {"path":"/Users/vickie/Documents/Github/ratings_history_module/client/src/components/App.jsx","statementMap":{"0":{"start":{"line":6,"column":12},"end":{"line":15,"column":1}},"1":{"start":{"line":7,"column":2},"end":{"line":14,"column":16}},"2":{"start":{"line":17,"column":20},"end":{"line":57,"column":1}},"3":{"start":{"line":58,"column":15},"end":{"line":61,"column":1}}},"fnMap":{"0":{"name":"(anonymous_0)","decl":{"start":{"line":6,"column":12},"end":{"line":6,"column":13}},"loc":{"start":{"line":7,"column":2},"end":{"line":14,"column":16}},"line":7}},"branchMap":{},"s":{"0":1,"1":3,"2":1,"3":1},"f":{"0":3},"b":{},"_coverageSchema":"43e27e138ebf9cfc5966b082cf9a028302ed4184","hash":"6ce2dd121dc481dbdbb5eb087871743d1a44f289"}
,"/Users/vickie/Documents/Github/ratings_history_module/client/src/components/DataBarChart.jsx": {"path":"/Users/vickie/Documents/Github/ratings_history_module/client/src/components/DataBarChart.jsx","statementMap":{"0":{"start":{"line":6,"column":21},"end":{"line":12,"column":1}},"1":{"start":{"line":7,"column":2},"end":{"line":11,"column":12}},"2":{"start":{"line":14,"column":16},"end":{"line":20,"column":1}}},"fnMap":{"0":{"name":"(anonymous_0)","decl":{"start":{"line":6,"column":21},"end":{"line":6,"column":22}},"loc":{"start":{"line":7,"column":2},"end":{"line":11,"column":12}},"line":7}},"branchMap":{},"s":{"0":2,"1":6,"2":2},"f":{"0":6},"b":{},"_coverageSchema":"43e27e138ebf9cfc5966b082cf9a028302ed4184","hash":"64d46544fb2cc06bff54b9489dcbd5c4ba18ba13"}
,"/Users/vickie/Documents/Github/ratings_history_module/client/src/components/DataSpotlight.jsx": {"path":"/Users/vickie/Documents/Github/ratings_history_module/client/src/components/DataSpotlight.jsx","statementMap":{"0":{"start":{"line":6,"column":22},"end":{"line":18,"column":1}},"1":{"start":{"line":7,"column":2},"end":{"line":17,"column":11}},"2":{"start":{"line":20,"column":15},"end":{"line":29,"column":1}},"3":{"start":{"line":31,"column":19},"end":{"line":41,"column":1}},"4":{"start":{"line":43,"column":19},"end":{"line":57,"column":1}},"5":{"start":{"line":59,"column":19},"end":{"line":66,"column":1}},"6":{"start":{"line":68,"column":0},"end":{"line":70,"column":2}}},"fnMap":{"0":{"name":"(anonymous_0)","decl":{"start":{"line":6,"column":22},"end":{"line":6,"column":23}},"loc":{"start":{"line":7,"column":2},"end":{"line":17,"column":11}},"line":7}},"branchMap":{},"s":{"0":2,"1":6,"2":2,"3":2,"4":2,"5":2,"6":2},"f":{"0":6},"b":{},"_coverageSchema":"43e27e138ebf9cfc5966b082cf9a028302ed4184","hash":"0412f3e6501c6fee02e0703628cb4562a5c2543e"}
,"/Users/vickie/Documents/Github/ratings_history_module/client/src/components/HistoryApp.jsx": {"path":"/Users/vickie/Documents/Github/ratings_history_module/client/src/components/HistoryApp.jsx","statementMap":{"0":{"start":{"line":8,"column":4},"end":{"line":8,"column":12}},"1":{"start":{"line":9,"column":4},"end":{"line":51,"column":6}},"2":{"start":{"line":52,"column":4},"end":{"line":52,"column":59}},"3":{"start":{"line":56,"column":4},"end":{"line":56,"column":27}},"4":{"start":{"line":60,"column":20},"end":{"line":60,"column":58}},"5":{"start":{"line":61,"column":4},"end":{"line":67,"column":9}},"6":{"start":{"line":62,"column":19},"end":{"line":62,"column":27}},"7":{"start":{"line":64,"column":8},"end":{"line":66,"column":11}},"8":{"start":{"line":71,"column":26},"end":{"line":71,"column":36}},"9":{"start":{"line":72,"column":4},"end":{"line":77,"column":6}},"10":{"start":{"line":75,"column":31},"end":{"line":75,"column":82}},"11":{"start":{"line":81,"column":21},"end":{"line":91,"column":1}}},"fnMap":{"0":{"name":"(anonymous_0)","decl":{"start":{"line":7,"column":2},"end":{"line":7,"column":3}},"loc":{"start":{"line":7,"column":16},"end":{"line":53,"column":3}},"line":7},"1":{"name":"(anonymous_1)","decl":{"start":{"line":55,"column":2},"end":{"line":55,"column":3}},"loc":{"start":{"line":55,"column":22},"end":{"line":57,"column":3}},"line":55},"2":{"name":"(anonymous_2)","decl":{"start":{"line":59,"column":2},"end":{"line":59,"column":3}},"loc":{"start":{"line":59,"column":20},"end":{"line":68,"column":3}},"line":59},"3":{"name":"(anonymous_3)","decl":{"start":{"line":62,"column":12},"end":{"line":62,"column":13}},"loc":{"start":{"line":62,"column":19},"end":{"line":62,"column":27}},"line":62},"4":{"name":"(anonymous_4)","decl":{"start":{"line":63,"column":12},"end":{"line":63,"column":13}},"loc":{"start":{"line":63,"column":24},"end":{"line":67,"column":7}},"line":63},"5":{"name":"(anonymous_5)","decl":{"start":{"line":70,"column":2},"end":{"line":70,"column":3}},"loc":{"start":{"line":70,"column":11},"end":{"line":78,"column":3}},"line":70},"6":{"name":"(anonymous_6)","decl":{"start":{"line":75,"column":23},"end":{"line":75,"column":24}},"loc":{"start":{"line":75,"column":31},"end":{"line":75,"column":82}},"line":75}},"branchMap":{},"s":{"0":9,"1":9,"2":9,"3":9,"4":9,"5":9,"6":0,"7":0,"8":9,"9":9,"10":27,"11":2},"f":{"0":9,"1":9,"2":9,"3":0,"4":0,"5":9,"6":27},"b":{},"_coverageSchema":"43e27e138ebf9cfc5966b082cf9a028302ed4184","hash":"69e785b8e9be09f416c648543ef2a9fc6e96ab7a"}
,"/Users/vickie/Documents/Github/ratings_history_module/client/src/components/PercentProgress.jsx": {"path":"/Users/vickie/Documents/Github/ratings_history_module/client/src/components/PercentProgress.jsx","statementMap":{"0":{"start":{"line":5,"column":24},"end":{"line":21,"column":1}},"1":{"start":{"line":6,"column":2},"end":{"line":20,"column":12}},"2":{"start":{"line":23,"column":16},"end":{"line":30,"column":1}},"3":{"start":{"line":32,"column":16},"end":{"line":39,"column":1}},"4":{"start":{"line":35,"column":21},"end":{"line":37,"column":15}},"5":{"start":{"line":41,"column":20},"end":{"line":51,"column":1}},"6":{"start":{"line":44,"column":21},"end":{"line":46,"column":15}},"7":{"start":{"line":53,"column":15},"end":{"line":62,"column":1}},"8":{"start":{"line":54,"column":26},"end":{"line":56,"column":15}},"9":{"start":{"line":59,"column":20},"end":{"line":59,"column":54}},"10":{"start":{"line":60,"column":26},"end":{"line":60,"column":56}},"11":{"start":{"line":64,"column":18},"end":{"line":75,"column":1}},"12":{"start":{"line":66,"column":23},"end":{"line":66,"column":67}},"13":{"start":{"line":69,"column":28},"end":{"line":71,"column":81}},"14":{"start":{"line":77,"column":16},"end":{"line":80,"column":1}},"15":{"start":{"line":82,"column":0},"end":{"line":88,"column":2}}},"fnMap":{"0":{"name":"(anonymous_0)","decl":{"start":{"line":5,"column":24},"end":{"line":5,"column":25}},"loc":{"start":{"line":6,"column":2},"end":{"line":20,"column":12}},"line":6},"1":{"name":"(anonymous_1)","decl":{"start":{"line":35,"column":11},"end":{"line":35,"column":12}},"loc":{"start":{"line":35,"column":21},"end":{"line":37,"column":15}},"line":35},"2":{"name":"(anonymous_2)","decl":{"start":{"line":44,"column":11},"end":{"line":44,"column":12}},"loc":{"start":{"line":44,"column":21},"end":{"line":46,"column":15}},"line":44},"3":{"name":"(anonymous_3)","decl":{"start":{"line":54,"column":16},"end":{"line":54,"column":17}},"loc":{"start":{"line":54,"column":26},"end":{"line":56,"column":15}},"line":54},"4":{"name":"(anonymous_4)","decl":{"start":{"line":59,"column":11},"end":{"line":59,"column":12}},"loc":{"start":{"line":59,"column":20},"end":{"line":59,"column":54}},"line":59},"5":{"name":"(anonymous_5)","decl":{"start":{"line":60,"column":17},"end":{"line":60,"column":18}},"loc":{"start":{"line":60,"column":26},"end":{"line":60,"column":56}},"line":60},"6":{"name":"(anonymous_6)","decl":{"start":{"line":66,"column":13},"end":{"line":66,"column":14}},"loc":{"start":{"line":66,"column":23},"end":{"line":66,"column":67}},"line":66},"7":{"name":"(anonymous_7)","decl":{"start":{"line":69,"column":18},"end":{"line":69,"column":19}},"loc":{"start":{"line":69,"column":28},"end":{"line":71,"column":81}},"line":69}},"branchMap":{"0":{"loc":{"start":{"line":35,"column":21},"end":{"line":37,"column":15}},"type":"cond-expr","locations":[{"start":{"line":36,"column":6},"end":{"line":36,"column":15}},{"start":{"line":37,"column":6},"end":{"line":37,"column":15}}],"line":35},"1":{"loc":{"start":{"line":44,"column":21},"end":{"line":46,"column":15}},"type":"cond-expr","locations":[{"start":{"line":45,"column":6},"end":{"line":45,"column":31}},{"start":{"line":46,"column":6},"end":{"line":46,"column":15}}],"line":44},"2":{"loc":{"start":{"line":54,"column":26},"end":{"line":56,"column":15}},"type":"cond-expr","locations":[{"start":{"line":55,"column":6},"end":{"line":55,"column":15}},{"start":{"line":56,"column":6},"end":{"line":56,"column":15}}],"line":54},"3":{"loc":{"start":{"line":69,"column":28},"end":{"line":71,"column":81}},"type":"cond-expr","locations":[{"start":{"line":70,"column":6},"end":{"line":70,"column":85}},{"start":{"line":71,"column":6},"end":{"line":71,"column":81}}],"line":69}},"s":{"0":2,"1":9,"2":2,"3":2,"4":9,"5":2,"6":9,"7":2,"8":9,"9":9,"10":9,"11":2,"12":9,"13":9,"14":2,"15":2},"f":{"0":9,"1":9,"2":9,"3":9,"4":9,"5":9,"6":9,"7":9},"b":{"0":[3,6],"1":[3,6],"2":[3,6],"3":[3,6]},"_coverageSchema":"43e27e138ebf9cfc5966b082cf9a028302ed4184","hash":"5b762e81cbf42dfb21678329dc05dd3443bb74e2"}
,"/Users/vickie/Documents/Github/ratings_history_module/client/src/components/Purchase.jsx": {"path":"/Users/vickie/Documents/Github/ratings_history_module/client/src/components/Purchase.jsx","statementMap":{"0":{"start":{"line":8,"column":4},"end":{"line":8,"column":17}},"1":{"start":{"line":9,"column":4},"end":{"line":9,"column":29}},"2":{"start":{"line":10,"column":4},"end":{"line":12,"column":6}},"3":{"start":{"line":13,"column":4},"end":{"line":13,"column":57}},"4":{"start":{"line":17,"column":4},"end":{"line":17,"column":23}},"5":{"start":{"line":18,"column":4},"end":{"line":20,"column":8}},"6":{"start":{"line":18,"column":32},"end":{"line":20,"column":5}},"7":{"start":{"line":24,"column":25},"end":{"line":24,"column":35}},"8":{"start":{"line":25,"column":128},"end":{"line":25,"column":136}},"9":{"start":{"line":26,"column":23},"end":{"line":26,"column":43}},"10":{"start":{"line":27,"column":23},"end":{"line":27,"column":40}},"11":{"start":{"line":29,"column":4},"end":{"line":44,"column":5}},"12":{"start":{"line":30,"column":6},"end":{"line":43,"column":8}},"13":{"start":{"line":31,"column":70},"end":{"line":31,"column":92}},"14":{"start":{"line":45,"column":4},"end":{"line":101,"column":6}},"15":{"start":{"line":46,"column":68},"end":{"line":46,"column":90}},"16":{"start":{"line":105,"column":19},"end":{"line":110,"column":1}},"17":{"start":{"line":112,"column":16},"end":{"line":121,"column":1}},"18":{"start":{"line":123,"column":16},"end":{"line":143,"column":1}},"19":{"start":{"line":145,"column":24},"end":{"line":183,"column":1}},"20":{"start":{"line":149,"column":29},"end":{"line":149,"column":121}},"21":{"start":{"line":150,"column":27},"end":{"line":150,"column":119}},"22":{"start":{"line":151,"column":28},"end":{"line":151,"column":120}},"23":{"start":{"line":152,"column":29},"end":{"line":152,"column":70}},"24":{"start":{"line":157,"column":26},"end":{"line":157,"column":130}},"25":{"start":{"line":158,"column":29},"end":{"line":158,"column":68}},"26":{"start":{"line":159,"column":26},"end":{"line":159,"column":62}},"27":{"start":{"line":165,"column":31},"end":{"line":165,"column":123}},"28":{"start":{"line":185,"column":13},"end":{"line":196,"column":1}},"29":{"start":{"line":198,"column":19},"end":{"line":213,"column":1}},"30":{"start":{"line":199,"column":21},"end":{"line":201,"column":15}},"31":{"start":{"line":203,"column":23},"end":{"line":205,"column":15}},"32":{"start":{"line":215,"column":0},"end":{"line":217,"column":2}}},"fnMap":{"0":{"name":"(anonymous_0)","decl":{"start":{"line":7,"column":2},"end":{"line":7,"column":3}},"loc":{"start":{"line":7,"column":21},"end":{"line":14,"column":3}},"line":7},"1":{"name":"(anonymous_1)","decl":{"start":{"line":16,"column":2},"end":{"line":16,"column":3}},"loc":{"start":{"line":16,"column":20},"end":{"line":21,"column":3}},"line":16},"2":{"name":"(anonymous_2)","decl":{"start":{"line":18,"column":18},"end":{"line":18,"column":19}},"loc":{"start":{"line":18,"column":32},"end":{"line":20,"column":5}},"line":18},"3":{"name":"(anonymous_3)","decl":{"start":{"line":23,"column":2},"end":{"line":23,"column":3}},"loc":{"start":{"line":23,"column":11},"end":{"line":102,"column":3}},"line":23},"4":{"name":"(anonymous_4)","decl":{"start":{"line":31,"column":65},"end":{"line":31,"column":66}},"loc":{"start":{"line":31,"column":70},"end":{"line":31,"column":92}},"line":31},"5":{"name":"(anonymous_5)","decl":{"start":{"line":46,"column":63},"end":{"line":46,"column":64}},"loc":{"start":{"line":46,"column":68},"end":{"line":46,"column":90}},"line":46},"6":{"name":"(anonymous_6)","decl":{"start":{"line":149,"column":19},"end":{"line":149,"column":20}},"loc":{"start":{"line":149,"column":29},"end":{"line":149,"column":121}},"line":149},"7":{"name":"(anonymous_7)","decl":{"start":{"line":150,"column":17},"end":{"line":150,"column":18}},"loc":{"start":{"line":150,"column":27},"end":{"line":150,"column":119}},"line":150},"8":{"name":"(anonymous_8)","decl":{"start":{"line":151,"column":18},"end":{"line":151,"column":19}},"loc":{"start":{"line":151,"column":28},"end":{"line":151,"column":120}},"line":151},"9":{"name":"(anonymous_9)","decl":{"start":{"line":152,"column":19},"end":{"line":152,"column":20}},"loc":{"start":{"line":152,"column":29},"end":{"line":152,"column":70}},"line":152},"10":{"name":"(anonymous_10)","decl":{"start":{"line":157,"column":16},"end":{"line":157,"column":17}},"loc":{"start":{"line":157,"column":26},"end":{"line":157,"column":130}},"line":157},"11":{"name":"(anonymous_11)","decl":{"start":{"line":158,"column":19},"end":{"line":158,"column":20}},"loc":{"start":{"line":158,"column":29},"end":{"line":158,"column":68}},"line":158},"12":{"name":"(anonymous_12)","decl":{"start":{"line":159,"column":16},"end":{"line":159,"column":17}},"loc":{"start":{"line":159,"column":26},"end":{"line":159,"column":62}},"line":159},"13":{"name":"(anonymous_13)","decl":{"start":{"line":165,"column":21},"end":{"line":165,"column":22}},"loc":{"start":{"line":165,"column":31},"end":{"line":165,"column":123}},"line":165},"14":{"name":"(anonymous_14)","decl":{"start":{"line":199,"column":11},"end":{"line":199,"column":12}},"loc":{"start":{"line":199,"column":21},"end":{"line":201,"column":15}},"line":199},"15":{"name":"(anonymous_15)","decl":{"start":{"line":203,"column":13},"end":{"line":203,"column":14}},"loc":{"start":{"line":203,"column":23},"end":{"line":205,"column":15}},"line":203}},"branchMap":{"0":{"loc":{"start":{"line":29,"column":4},"end":{"line":44,"column":5}},"type":"if","locations":[{"start":{"line":29,"column":4},"end":{"line":44,"column":5}},{"start":{"line":29,"column":4},"end":{"line":44,"column":5}}],"line":29},"1":{"loc":{"start":{"line":39,"column":38},"end":{"line":39,"column":85}},"type":"cond-expr","locations":[{"start":{"line":39,"column":67},"end":{"line":39,"column":74}},{"start":{"line":39,"column":77},"end":{"line":39,"column":85}}],"line":39},"2":{"loc":{"start":{"line":54,"column":36},"end":{"line":54,"column":83}},"type":"cond-expr","locations":[{"start":{"line":54,"column":65},"end":{"line":54,"column":72}},{"start":{"line":54,"column":75},"end":{"line":54,"column":83}}],"line":54},"3":{"loc":{"start":{"line":89,"column":59},"end":{"line":89,"column":106}},"type":"cond-expr","locations":[{"start":{"line":89,"column":88},"end":{"line":89,"column":95}},{"start":{"line":89,"column":98},"end":{"line":89,"column":106}}],"line":89},"4":{"loc":{"start":{"line":149,"column":29},"end":{"line":149,"column":121}},"type":"cond-expr","locations":[{"start":{"line":149,"column":56},"end":{"line":149,"column":87}},{"start":{"line":149,"column":90},"end":{"line":149,"column":121}}],"line":149},"5":{"loc":{"start":{"line":150,"column":27},"end":{"line":150,"column":119}},"type":"cond-expr","locations":[{"start":{"line":150,"column":54},"end":{"line":150,"column":85}},{"start":{"line":150,"column":88},"end":{"line":150,"column":119}}],"line":150},"6":{"loc":{"start":{"line":151,"column":28},"end":{"line":151,"column":120}},"type":"cond-expr","locations":[{"start":{"line":151,"column":55},"end":{"line":151,"column":86}},{"start":{"line":151,"column":89},"end":{"line":151,"column":120}}],"line":151},"7":{"loc":{"start":{"line":152,"column":29},"end":{"line":152,"column":70}},"type":"cond-expr","locations":[{"start":{"line":152,"column":56},"end":{"line":152,"column":62}},{"start":{"line":152,"column":65},"end":{"line":152,"column":70}}],"line":152},"8":{"loc":{"start":{"line":157,"column":26},"end":{"line":157,"column":130}},"type":"cond-expr","locations":[{"start":{"line":157,"column":53},"end":{"line":157,"column":59}},{"start":{"line":157,"column":62},"end":{"line":157,"column":130}}],"line":157},"9":{"loc":{"start":{"line":158,"column":29},"end":{"line":158,"column":68}},"type":"cond-expr","locations":[{"start":{"line":158,"column":56},"end":{"line":158,"column":59}},{"start":{"line":158,"column":62},"end":{"line":158,"column":68}}],"line":158},"10":{"loc":{"start":{"line":159,"column":26},"end":{"line":159,"column":62}},"type":"cond-expr","locations":[{"start":{"line":159,"column":53},"end":{"line":159,"column":56}},{"start":{"line":159,"column":59},"end":{"line":159,"column":62}}],"line":159},"11":{"loc":{"start":{"line":165,"column":31},"end":{"line":165,"column":123}},"type":"cond-expr","locations":[{"start":{"line":165,"column":58},"end":{"line":165,"column":89}},{"start":{"line":165,"column":92},"end":{"line":165,"column":123}}],"line":165},"12":{"loc":{"start":{"line":199,"column":21},"end":{"line":201,"column":15}},"type":"cond-expr","locations":[{"start":{"line":200,"column":6},"end":{"line":200,"column":15}},{"start":{"line":201,"column":6},"end":{"line":201,"column":15}}],"line":199},"13":{"loc":{"start":{"line":203,"column":23},"end":{"line":205,"column":15}},"type":"cond-expr","locations":[{"start":{"line":204,"column":6},"end":{"line":204,"column":15}},{"start":{"line":205,"column":6},"end":{"line":205,"column":15}}],"line":203}},"s":{"0":15,"1":15,"2":15,"3":15,"4":0,"5":0,"6":0,"7":15,"8":15,"9":15,"10":15,"11":15,"12":15,"13":0,"14":0,"15":0,"16":2,"17":2,"18":2,"19":2,"20":9,"21":9,"22":9,"23":9,"24":9,"25":9,"26":9,"27":9,"28":2,"29":2,"30":0,"31":0,"32":2},"f":{"0":15,"1":0,"2":0,"3":15,"4":0,"5":0,"6":9,"7":9,"8":9,"9":9,"10":9,"11":9,"12":9,"13":9,"14":0,"15":0},"b":{"0":[15,0],"1":[3,12],"2":[0,0],"3":[0,0],"4":[9,0],"5":[9,0],"6":[9,0],"7":[9,0],"8":[9,0],"9":[9,0],"10":[9,0],"11":[9,0],"12":[0,0],"13":[0,0]},"_coverageSchema":"43e27e138ebf9cfc5966b082cf9a028302ed4184","hash":"d6facac8e587776fe0ee8679aff49a77160e86d0"}
,"/Users/vickie/Documents/Github/ratings_history_module/client/src/components/RatingsApp.jsx": {"path":"/Users/vickie/Documents/Github/ratings_history_module/client/src/components/RatingsApp.jsx","statementMap":{"0":{"start":{"line":10,"column":4},"end":{"line":10,"column":12}},"1":{"start":{"line":11,"column":4},"end":{"line":21,"column":6}},"2":{"start":{"line":22,"column":4},"end":{"line":22,"column":94}},"3":{"start":{"line":23,"column":4},"end":{"line":23,"column":53}},"4":{"start":{"line":27,"column":4},"end":{"line":27,"column":24}},"5":{"start":{"line":31,"column":20},"end":{"line":31,"column":58}},"6":{"start":{"line":32,"column":4},"end":{"line":42,"column":5}},"7":{"start":{"line":33,"column":6},"end":{"line":33,"column":118}},"8":{"start":{"line":35,"column":6},"end":{"line":41,"column":11}},"9":{"start":{"line":36,"column":21},"end":{"line":36,"column":29}},"10":{"start":{"line":38,"column":10},"end":{"line":40,"column":65}},"11":{"start":{"line":40,"column":19},"end":{"line":40,"column":63}},"12":{"start":{"line":46,"column":4},"end":{"line":59,"column":6}},"13":{"start":{"line":63,"column":12},"end":{"line":68,"column":1}},"14":{"start":{"line":70,"column":13},"end":{"line":73,"column":1}},"15":{"start":{"line":75,"column":14},"end":{"line":79,"column":1}},"16":{"start":{"line":81,"column":21},"end":{"line":92,"column":1}}},"fnMap":{"0":{"name":"(anonymous_0)","decl":{"start":{"line":9,"column":2},"end":{"line":9,"column":3}},"loc":{"start":{"line":9,"column":16},"end":{"line":24,"column":3}},"line":9},"1":{"name":"(anonymous_1)","decl":{"start":{"line":26,"column":2},"end":{"line":26,"column":3}},"loc":{"start":{"line":26,"column":22},"end":{"line":28,"column":3}},"line":26},"2":{"name":"(anonymous_2)","decl":{"start":{"line":30,"column":2},"end":{"line":30,"column":3}},"loc":{"start":{"line":30,"column":17},"end":{"line":43,"column":3}},"line":30},"3":{"name":"(anonymous_3)","decl":{"start":{"line":36,"column":14},"end":{"line":36,"column":15}},"loc":{"start":{"line":36,"column":21},"end":{"line":36,"column":29}},"line":36},"4":{"name":"(anonymous_4)","decl":{"start":{"line":37,"column":14},"end":{"line":37,"column":15}},"loc":{"start":{"line":37,"column":26},"end":{"line":41,"column":9}},"line":37},"5":{"name":"(anonymous_5)","decl":{"start":{"line":40,"column":13},"end":{"line":40,"column":14}},"loc":{"start":{"line":40,"column":19},"end":{"line":40,"column":63}},"line":40},"6":{"name":"(anonymous_6)","decl":{"start":{"line":45,"column":2},"end":{"line":45,"column":3}},"loc":{"start":{"line":45,"column":11},"end":{"line":60,"column":3}},"line":45}},"branchMap":{"0":{"loc":{"start":{"line":22,"column":18},"end":{"line":22,"column":93}},"type":"cond-expr","locations":[{"start":{"line":22,"column":78},"end":{"line":22,"column":84}},{"start":{"line":22,"column":87},"end":{"line":22,"column":93}}],"line":22},"1":{"loc":{"start":{"line":32,"column":4},"end":{"line":42,"column":5}},"type":"if","locations":[{"start":{"line":32,"column":4},"end":{"line":42,"column":5}},{"start":{"line":32,"column":4},"end":{"line":42,"column":5}}],"line":32}},"s":{"0":9,"1":9,"2":9,"3":9,"4":9,"5":9,"6":9,"7":9,"8":0,"9":0,"10":0,"11":0,"12":9,"13":2,"14":2,"15":2,"16":2},"f":{"0":9,"1":9,"2":9,"3":0,"4":0,"5":0,"6":9},"b":{"0":[0,9],"1":[9,0]},"_coverageSchema":"43e27e138ebf9cfc5966b082cf9a028302ed4184","hash":"60ff15f201bdf390f2daf0b68f2c70f4c3ee1753"}
,"/Users/vickie/Documents/Github/ratings_history_module/client/src/components/Review.jsx": {"path":"/Users/vickie/Documents/Github/ratings_history_module/client/src/components/Review.jsx","statementMap":{"0":{"start":{"line":8,"column":4},"end":{"line":8,"column":17}},"1":{"start":{"line":9,"column":4},"end":{"line":11,"column":6}},"2":{"start":{"line":12,"column":4},"end":{"line":12,"column":36}},"3":{"start":{"line":13,"column":4},"end":{"line":13,"column":44}},"4":{"start":{"line":14,"column":4},"end":{"line":14,"column":57}},"5":{"start":{"line":18,"column":4},"end":{"line":18,"column":23}},"6":{"start":{"line":19,"column":4},"end":{"line":21,"column":8}},"7":{"start":{"line":19,"column":32},"end":{"line":21,"column":5}},"8":{"start":{"line":25,"column":4},"end":{"line":57,"column":5}},"9":{"start":{"line":26,"column":6},"end":{"line":56,"column":8}},"10":{"start":{"line":50,"column":50},"end":{"line":50,"column":72}},"11":{"start":{"line":58,"column":4},"end":{"line":80,"column":6}},"12":{"start":{"line":74,"column":48},"end":{"line":74,"column":70}},"13":{"start":{"line":84,"column":23},"end":{"line":86,"column":1}},"14":{"start":{"line":87,"column":18},"end":{"line":89,"column":1}},"15":{"start":{"line":91,"column":22},"end":{"line":99,"column":1}},"16":{"start":{"line":101,"column":16},"end":{"line":106,"column":1}},"17":{"start":{"line":108,"column":17},"end":{"line":110,"column":1}},"18":{"start":{"line":112,"column":18},"end":{"line":141,"column":1}},"19":{"start":{"line":122,"column":24},"end":{"line":122,"column":66}},"20":{"start":{"line":143,"column":17},"end":{"line":154,"column":1}},"21":{"start":{"line":145,"column":21},"end":{"line":147,"column":15}},"22":{"start":{"line":149,"column":23},"end":{"line":151,"column":15}},"23":{"start":{"line":156,"column":22},"end":{"line":169,"column":1}},"24":{"start":{"line":171,"column":23},"end":{"line":176,"column":1}},"25":{"start":{"line":178,"column":0},"end":{"line":180,"column":2}}},"fnMap":{"0":{"name":"(anonymous_0)","decl":{"start":{"line":7,"column":2},"end":{"line":7,"column":3}},"loc":{"start":{"line":7,"column":21},"end":{"line":15,"column":3}},"line":7},"1":{"name":"(anonymous_1)","decl":{"start":{"line":17,"column":2},"end":{"line":17,"column":3}},"loc":{"start":{"line":17,"column":20},"end":{"line":22,"column":3}},"line":17},"2":{"name":"(anonymous_2)","decl":{"start":{"line":19,"column":18},"end":{"line":19,"column":19}},"loc":{"start":{"line":19,"column":32},"end":{"line":21,"column":5}},"line":19},"3":{"name":"(anonymous_3)","decl":{"start":{"line":24,"column":2},"end":{"line":24,"column":3}},"loc":{"start":{"line":24,"column":11},"end":{"line":81,"column":3}},"line":24},"4":{"name":"(anonymous_4)","decl":{"start":{"line":50,"column":45},"end":{"line":50,"column":46}},"loc":{"start":{"line":50,"column":50},"end":{"line":50,"column":72}},"line":50},"5":{"name":"(anonymous_5)","decl":{"start":{"line":74,"column":43},"end":{"line":74,"column":44}},"loc":{"start":{"line":74,"column":48},"end":{"line":74,"column":70}},"line":74},"6":{"name":"(anonymous_6)","decl":{"start":{"line":122,"column":14},"end":{"line":122,"column":15}},"loc":{"start":{"line":122,"column":24},"end":{"line":122,"column":66}},"line":122},"7":{"name":"(anonymous_7)","decl":{"start":{"line":145,"column":11},"end":{"line":145,"column":12}},"loc":{"start":{"line":145,"column":21},"end":{"line":147,"column":15}},"line":145},"8":{"name":"(anonymous_8)","decl":{"start":{"line":149,"column":13},"end":{"line":149,"column":14}},"loc":{"start":{"line":149,"column":23},"end":{"line":151,"column":15}},"line":149}},"branchMap":{"0":{"loc":{"start":{"line":25,"column":4},"end":{"line":57,"column":5}},"type":"if","locations":[{"start":{"line":25,"column":4},"end":{"line":57,"column":5}},{"start":{"line":25,"column":4},"end":{"line":57,"column":5}}],"line":25},"1":{"loc":{"start":{"line":50,"column":75},"end":{"line":50,"column":131}},"type":"cond-expr","locations":[{"start":{"line":50,"column":106},"end":{"line":50,"column":117}},{"start":{"line":50,"column":120},"end":{"line":50,"column":131}}],"line":50},"2":{"loc":{"start":{"line":74,"column":73},"end":{"line":74,"column":129}},"type":"cond-expr","locations":[{"start":{"line":74,"column":104},"end":{"line":74,"column":115}},{"start":{"line":74,"column":118},"end":{"line":74,"column":129}}],"line":74},"3":{"loc":{"start":{"line":122,"column":24},"end":{"line":122,"column":66}},"type":"cond-expr","locations":[{"start":{"line":122,"column":51},"end":{"line":122,"column":57}},{"start":{"line":122,"column":60},"end":{"line":122,"column":66}}],"line":122},"4":{"loc":{"start":{"line":145,"column":21},"end":{"line":147,"column":15}},"type":"cond-expr","locations":[{"start":{"line":146,"column":6},"end":{"line":146,"column":15}},{"start":{"line":147,"column":6},"end":{"line":147,"column":15}}],"line":145},"5":{"loc":{"start":{"line":149,"column":23},"end":{"line":151,"column":15}},"type":"cond-expr","locations":[{"start":{"line":150,"column":6},"end":{"line":150,"column":15}},{"start":{"line":151,"column":6},"end":{"line":151,"column":15}}],"line":149}},"s":{"0":6,"1":6,"2":6,"3":6,"4":6,"5":0,"6":0,"7":0,"8":6,"9":0,"10":0,"11":6,"12":0,"13":2,"14":2,"15":2,"16":2,"17":2,"18":2,"19":6,"20":2,"21":6,"22":6,"23":2,"24":2,"25":2},"f":{"0":6,"1":0,"2":0,"3":6,"4":0,"5":0,"6":6,"7":6,"8":6},"b":{"0":[0,6],"1":[0,0],"2":[0,6],"3":[6,0],"4":[0,6],"5":[0,6]},"_coverageSchema":"43e27e138ebf9cfc5966b082cf9a028302ed4184","hash":"26c9f20cef6ca46af23de4117d523262fd6c4c12"}
,"/Users/vickie/Documents/Github/ratings_history_module/client/src/components/ReviewList.jsx": {"path":"/Users/vickie/Documents/Github/ratings_history_module/client/src/components/ReviewList.jsx","statementMap":{"0":{"start":{"line":6,"column":19},"end":{"line":11,"column":1}},"1":{"start":{"line":7,"column":2},"end":{"line":10,"column":15}},"2":{"start":{"line":13,"column":19},"end":{"line":19,"column":1}},"3":{"start":{"line":21,"column":0},"end":{"line":23,"column":2}}},"fnMap":{"0":{"name":"(anonymous_0)","decl":{"start":{"line":6,"column":19},"end":{"line":6,"column":20}},"loc":{"start":{"line":7,"column":2},"end":{"line":10,"column":15}},"line":7}},"branchMap":{},"s":{"0":2,"1":6,"2":2,"3":2},"f":{"0":6},"b":{},"_coverageSchema":"43e27e138ebf9cfc5966b082cf9a028302ed4184","hash":"63cded32178166248f8b8446b30ddd49ba82e0aa"}
}
