TN:
SF:/Users/vickie/Documents/Github/ratings_history_module/client/src/components/Animation.jsx
FNF:0
FNH:0
LF:0
LH:0
BRF:0
BRH:0
end_of_record
TN:
SF:/Users/vickie/Documents/Github/ratings_history_module/client/src/components/App.jsx
FN:6,(anonymous_0)
FNF:1
FNH:1
FNDA:3,(anonymous_0)
DA:6,1
DA:7,3
DA:17,1
DA:58,1
LF:4
LH:4
BRF:0
BRH:0
end_of_record
TN:
SF:/Users/vickie/Documents/Github/ratings_history_module/client/src/components/DataBarChart.jsx
FN:6,(anonymous_0)
FNF:1
FNH:1
FNDA:6,(anonymous_0)
DA:6,2
DA:7,6
DA:14,2
LF:3
LH:3
BRF:0
BRH:0
end_of_record
TN:
SF:/Users/vickie/Documents/Github/ratings_history_module/client/src/components/DataSpotlight.jsx
FN:6,(anonymous_0)
FNF:1
FNH:1
FNDA:6,(anonymous_0)
DA:6,2
DA:7,6
DA:20,2
DA:31,2
DA:43,2
DA:59,2
DA:68,2
LF:7
LH:7
BRF:0
BRH:0
end_of_record
TN:
SF:/Users/vickie/Documents/Github/ratings_history_module/client/src/components/HistoryApp.jsx
FN:7,(anonymous_0)
FN:55,(anonymous_1)
FN:59,(anonymous_2)
FN:62,(anonymous_3)
FN:63,(anonymous_4)
FN:70,(anonymous_5)
FN:75,(anonymous_6)
FNF:7
FNH:5
FNDA:9,(anonymous_0)
FNDA:9,(anonymous_1)
FNDA:9,(anonymous_2)
FNDA:0,(anonymous_3)
FNDA:0,(anonymous_4)
FNDA:9,(anonymous_5)
FNDA:27,(anonymous_6)
DA:8,9
DA:9,9
DA:52,9
DA:56,9
DA:60,9
DA:61,9
DA:62,0
DA:64,0
DA:71,9
DA:72,9
DA:75,27
DA:81,2
LF:12
LH:10
BRF:0
BRH:0
end_of_record
TN:
SF:/Users/vickie/Documents/Github/ratings_history_module/client/src/components/PercentProgress.jsx
FN:5,(anonymous_0)
FN:35,(anonymous_1)
FN:44,(anonymous_2)
FN:54,(anonymous_3)
FN:59,(anonymous_4)
FN:60,(anonymous_5)
FN:66,(anonymous_6)
FN:69,(anonymous_7)
FNF:8
FNH:8
FNDA:9,(anonymous_0)
FNDA:9,(anonymous_1)
FNDA:9,(anonymous_2)
FNDA:9,(anonymous_3)
FNDA:9,(anonymous_4)
FNDA:9,(anonymous_5)
FNDA:9,(anonymous_6)
FNDA:9,(anonymous_7)
DA:5,2
DA:6,9
DA:23,2
DA:32,2
DA:35,9
DA:41,2
DA:44,9
DA:53,2
DA:54,9
DA:59,9
DA:60,9
DA:64,2
DA:66,9
DA:69,9
DA:77,2
DA:82,2
LF:16
LH:16
BRDA:35,0,0,3
BRDA:35,0,1,6
BRDA:44,1,0,3
BRDA:44,1,1,6
BRDA:54,2,0,3
BRDA:54,2,1,6
BRDA:69,3,0,3
BRDA:69,3,1,6
BRF:8
BRH:8
end_of_record
TN:
SF:/Users/vickie/Documents/Github/ratings_history_module/client/src/components/Purchase.jsx
FN:7,(anonymous_0)
FN:16,(anonymous_1)
FN:18,(anonymous_2)
FN:23,(anonymous_3)
FN:31,(anonymous_4)
FN:46,(anonymous_5)
FN:149,(anonymous_6)
FN:150,(anonymous_7)
FN:151,(anonymous_8)
FN:152,(anonymous_9)
FN:157,(anonymous_10)
FN:158,(anonymous_11)
FN:159,(anonymous_12)
FN:165,(anonymous_13)
FN:199,(anonymous_14)
FN:203,(anonymous_15)
FNF:16
FNH:10
FNDA:15,(anonymous_0)
FNDA:0,(anonymous_1)
FNDA:0,(anonymous_2)
FNDA:15,(anonymous_3)
FNDA:0,(anonymous_4)
FNDA:0,(anonymous_5)
FNDA:9,(anonymous_6)
FNDA:9,(anonymous_7)
FNDA:9,(anonymous_8)
FNDA:9,(anonymous_9)
FNDA:9,(anonymous_10)
FNDA:9,(anonymous_11)
FNDA:9,(anonymous_12)
FNDA:9,(anonymous_13)
FNDA:0,(anonymous_14)
FNDA:0,(anonymous_15)
DA:8,15
DA:9,15
DA:10,15
DA:13,15
DA:17,0
DA:18,0
DA:24,15
DA:25,15
DA:26,15
DA:27,15
DA:29,15
DA:30,15
DA:31,0
DA:45,0
DA:46,0
DA:105,2
DA:112,2
DA:123,2
DA:145,2
DA:149,9
DA:150,9
DA:151,9
DA:152,9
DA:157,9
DA:158,9
DA:159,9
DA:165,9
DA:185,2
DA:198,2
DA:199,0
DA:203,0
DA:215,2
LF:32
LH:25
BRDA:29,0,0,15
BRDA:29,0,1,0
BRDA:39,1,0,3
BRDA:39,1,1,12
BRDA:54,2,0,0
BRDA:54,2,1,0
BRDA:89,3,0,0
BRDA:89,3,1,0
BRDA:149,4,0,9
BRDA:149,4,1,0
BRDA:150,5,0,9
BRDA:150,5,1,0
BRDA:151,6,0,9
BRDA:151,6,1,0
BRDA:152,7,0,9
BRDA:152,7,1,0
BRDA:157,8,0,9
BRDA:157,8,1,0
BRDA:158,9,0,9
BRDA:158,9,1,0
BRDA:159,10,0,9
BRDA:159,10,1,0
BRDA:165,11,0,9
BRDA:165,11,1,0
BRDA:199,12,0,0
BRDA:199,12,1,0
BRDA:203,13,0,0
BRDA:203,13,1,0
BRF:28
BRH:11
end_of_record
TN:
SF:/Users/vickie/Documents/Github/ratings_history_module/client/src/components/RatingsApp.jsx
FN:9,(anonymous_0)
FN:26,(anonymous_1)
FN:30,(anonymous_2)
FN:36,(anonymous_3)
FN:37,(anonymous_4)
FN:40,(anonymous_5)
FN:45,(anonymous_6)
FNF:7
FNH:4
FNDA:9,(anonymous_0)
FNDA:9,(anonymous_1)
FNDA:9,(anonymous_2)
FNDA:0,(anonymous_3)
FNDA:0,(anonymous_4)
FNDA:0,(anonymous_5)
FNDA:9,(anonymous_6)
DA:10,9
DA:11,9
DA:22,9
DA:23,9
DA:27,9
DA:31,9
DA:32,9
DA:33,9
DA:35,0
DA:36,0
DA:38,0
DA:40,0
DA:46,9
DA:63,2
DA:70,2
DA:75,2
DA:81,2
LF:17
LH:13
BRDA:22,0,0,0
BRDA:22,0,1,9
BRDA:32,1,0,9
BRDA:32,1,1,0
BRF:4
BRH:2
end_of_record
TN:
SF:/Users/vickie/Documents/Github/ratings_history_module/client/src/components/Review.jsx
FN:7,(anonymous_0)
FN:17,(anonymous_1)
FN:19,(anonymous_2)
FN:24,(anonymous_3)
FN:50,(anonymous_4)
FN:74,(anonymous_5)
FN:122,(anonymous_6)
FN:145,(anonymous_7)
FN:149,(anonymous_8)
FNF:9
FNH:5
FNDA:6,(anonymous_0)
FNDA:0,(anonymous_1)
FNDA:0,(anonymous_2)
FNDA:6,(anonymous_3)
FNDA:0,(anonymous_4)
FNDA:0,(anonymous_5)
FNDA:6,(anonymous_6)
FNDA:6,(anonymous_7)
FNDA:6,(anonymous_8)
DA:8,6
DA:9,6
DA:12,6
DA:13,6
DA:14,6
DA:18,0
DA:19,0
DA:25,6
DA:26,0
DA:50,0
DA:58,6
DA:74,0
DA:84,2
DA:87,2
DA:91,2
DA:101,2
DA:108,2
DA:112,2
DA:122,6
DA:143,2
DA:145,6
DA:149,6
DA:156,2
DA:171,2
DA:178,2
LF:25
LH:20
BRDA:25,0,0,0
BRDA:25,0,1,6
BRDA:50,1,0,0
BRDA:50,1,1,0
BRDA:74,2,0,0
BRDA:74,2,1,6
BRDA:122,3,0,6
BRDA:122,3,1,0
BRDA:145,4,0,0
BRDA:145,4,1,6
BRDA:149,5,0,0
BRDA:149,5,1,6
BRF:12
BRH:5
end_of_record
TN:
SF:/Users/vickie/Documents/Github/ratings_history_module/client/src/components/ReviewList.jsx
FN:6,(anonymous_0)
FNF:1
FNH:1
FNDA:6,(anonymous_0)
DA:6,2
DA:7,6
DA:13,2
DA:21,2
LF:4
LH:4
BRF:0
BRH:0
end_of_record
